[35m[1mConsolidate compiler generated dependencies of target SdfModel[0m
[ 50%] Built target nbvc_ray_generation
[ 75%] [32mBuilding CXX object CMakeFiles/SdfModel.dir/src/SdfModel.cpp.o[0m
[01m[K/home/jajayu/TomatoHarvesting_NextBestView/nbv_code/ros2_ws2/src/my_robot_nbv_cmake/src/SdfModel.cpp:[m[K In member function â€˜[01m[Kvoid MeshProcessor::Visualize()[m[Kâ€™:
[01m[K/home/jajayu/TomatoHarvesting_NextBestView/nbv_code/ros2_ws2/src/my_robot_nbv_cmake/src/SdfModel.cpp:123:26:[m[K [01;31m[Kerror: [m[Kâ€˜[01m[Kusing element_type = class open3d::geometry::PointCloud[m[Kâ€™ {aka â€˜[01m[Kclass open3d::geometry::PointCloud[m[Kâ€™} has no member named â€˜[01m[Kpoints[m[Kâ€™; did you mean â€˜[01m[Kpoints_[m[Kâ€™?
  123 |         query_point_vis->[01;31m[Kpoints[m[K = open3d::utility::Vector3dVector(points_);
      |                          [01;31m[K^~~~~~[m[K
      |                          [32m[Kpoints_[m[K
[01m[K/home/jajayu/TomatoHarvesting_NextBestView/nbv_code/ros2_ws2/src/my_robot_nbv_cmake/src/SdfModel.cpp:123:52:[m[K [01;31m[Kerror: [m[Kâ€˜[01m[KVector3dVector[m[Kâ€™ is not a member of â€˜[01m[Kopen3d::utility[m[Kâ€™
  123 |         query_point_vis->points = open3d::utility::[01;31m[KVector3dVector[m[K(points_);
      |                                                    [01;31m[K^~~~~~~~~~~~~~[m[K
[01m[K/home/jajayu/TomatoHarvesting_NextBestView/nbv_code/ros2_ws2/src/my_robot_nbv_cmake/src/SdfModel.cpp:124:26:[m[K [01;31m[Kerror: [m[Kâ€˜[01m[Kusing element_type = class open3d::geometry::PointCloud[m[Kâ€™ {aka â€˜[01m[Kclass open3d::geometry::PointCloud[m[Kâ€™} has no member named â€˜[01m[Kcolors[m[Kâ€™; did you mean â€˜[01m[Kcolors_[m[Kâ€™?
  124 |         query_point_vis->[01;31m[Kcolors[m[K = open3d::utility::Vector3dVector(colors_);
      |                          [01;31m[K^~~~~~[m[K
      |                          [32m[Kcolors_[m[K
[01m[K/home/jajayu/TomatoHarvesting_NextBestView/nbv_code/ros2_ws2/src/my_robot_nbv_cmake/src/SdfModel.cpp:124:52:[m[K [01;31m[Kerror: [m[Kâ€˜[01m[KVector3dVector[m[Kâ€™ is not a member of â€˜[01m[Kopen3d::utility[m[Kâ€™
  124 |         query_point_vis->colors = open3d::utility::[01;31m[KVector3dVector[m[K(colors_);
      |                                                    [01;31m[K^~~~~~~~~~~~~~[m[K
gmake[2]: *** [CMakeFiles/SdfModel.dir/build.make:76: CMakeFiles/SdfModel.dir/src/SdfModel.cpp.o] Error 1
gmake[1]: *** [CMakeFiles/Makefile2:165: CMakeFiles/SdfModel.dir/all] Error 2
gmake: *** [Makefile:146: all] Error 2
