[01m[K/home/jajayu/TomatoHarvesting_NextBestView/nbv_code/ros2_ws2/src/my_robot_nbv_cmake/src/SdfModel.cpp:[m[K In member function â€˜[01m[Kint SdfModel::ShowInPointCount()[m[Kâ€™:
[01m[K/home/jajayu/TomatoHarvesting_NextBestView/nbv_code/ros2_ws2/src/my_robot_nbv_cmake/src/SdfModel.cpp:158:14:[m[K [01;31m[Kerror: [m[Kinvalid operands of types â€˜[01m[K<unresolved overloaded function type>[m[Kâ€™ and â€˜[01m[Kconst char [11][m[Kâ€™ to binary â€˜[01m[Koperator<<[m[Kâ€™
  158 |         [01;31m[Kcount<< "there are "[m[K<<countPoint <<"within the surface";
      |         [01;31m[K~~~~~^~~~~~~~~~~~~~~[m[K
[01m[K/home/jajayu/TomatoHarvesting_NextBestView/nbv_code/ros2_ws2/src/my_robot_nbv_cmake/src/SdfModel.cpp:[m[K In function â€˜[01m[Kint main(int, char**)[m[Kâ€™:
[01m[K/home/jajayu/TomatoHarvesting_NextBestView/nbv_code/ros2_ws2/src/my_robot_nbv_cmake/src/SdfModel.cpp:266:5:[m[K [01;31m[Kerror: [m[Kâ€˜[01m[Kquery_points_[m[Kâ€™ was not declared in this scope; did you mean â€˜[01m[Kquery_points_input[m[Kâ€™?
  266 |     [01;31m[Kquery_points_[m[K.emplace_back(Eigen::Vector3f(x, y, z));
      |     [01;31m[K^~~~~~~~~~~~~[m[K
      |     [32m[Kquery_points_input[m[K
[01m[K/home/jajayu/TomatoHarvesting_NextBestView/nbv_code/ros2_ws2/src/my_robot_nbv_cmake/src/SdfModel.cpp:266:48:[m[K [01;31m[Kerror: [m[Kâ€˜[01m[Kx[m[Kâ€™ was not declared in this scope
  266 |     query_points_.emplace_back(Eigen::Vector3f([01;31m[Kx[m[K, y, z));
      |                                                [01;31m[K^[m[K
[01m[K/home/jajayu/TomatoHarvesting_NextBestView/nbv_code/ros2_ws2/src/my_robot_nbv_cmake/src/SdfModel.cpp:266:51:[m[K [01;31m[Kerror: [m[Kâ€˜[01m[Ky[m[Kâ€™ was not declared in this scope; did you mean â€˜[01m[Kyn[m[Kâ€™?
  266 |     query_points_.emplace_back(Eigen::Vector3f(x, [01;31m[Ky[m[K, z));
      |                                                   [01;31m[K^[m[K
      |                                                   [32m[Kyn[m[K
[01m[K/home/jajayu/TomatoHarvesting_NextBestView/nbv_code/ros2_ws2/src/my_robot_nbv_cmake/src/SdfModel.cpp:266:54:[m[K [01;31m[Kerror: [m[Kâ€˜[01m[Kz[m[Kâ€™ was not declared in this scope
  266 |     query_points_.emplace_back(Eigen::Vector3f(x, y, [01;31m[Kz[m[K));
      |                                                      [01;31m[K^[m[K
[01m[K/home/jajayu/TomatoHarvesting_NextBestView/nbv_code/ros2_ws2/src/my_robot_nbv_cmake/src/SdfModel.cpp:267:26:[m[K [01;31m[Kerror: [m[Kâ€˜[01m[Kp[m[Kâ€™ was not declared in this scope
  267 |     processor.ComputeSDF([01;31m[Kp[m[K);
      |                          [01;31m[K^[m[K
gmake[2]: *** [CMakeFiles/SdfModel.dir/build.make:76: CMakeFiles/SdfModel.dir/src/SdfModel.cpp.o] Error 1
gmake[1]: *** [CMakeFiles/Makefile2:165: CMakeFiles/SdfModel.dir/all] Error 2
gmake: *** [Makefile:146: all] Error 2
