[01m[K/home/jajayu/TomatoHarvesting_NextBestView/nbv_code/ros2_ws2/src/my_robot_nbv_cmake/src/nbvc_ray_generation.cpp:[m[K In member function â€˜[01m[Kvoid MyNode::publish_ray_and_direction(const point3d&, const std::vector<std::pair<octomath::Vector3, octomath::Vector3> >&)[m[Kâ€™:
[01m[K/home/jajayu/TomatoHarvesting_NextBestView/nbv_code/ros2_ws2/src/my_robot_nbv_cmake/src/nbvc_ray_generation.cpp:273:40:[m[K [01;31m[Kerror: [m[Kâ€˜[01m[Kray_marker[m[Kâ€™ was not declared in this scope
  273 |             marker_publisher_->publish([01;31m[Kray_marker[m[K);
      |                                        [01;31m[K^~~~~~~~~~[m[K
[01m[K/home/jajayu/TomatoHarvesting_NextBestView/nbv_code/ros2_ws2/src/my_robot_nbv_cmake/src/nbvc_ray_generation.cpp:274:40:[m[K [01;31m[Kerror: [m[Kâ€˜[01m[Kdirection_marker[m[Kâ€™ was not declared in this scope
  274 |             marker_publisher_->publish([01;31m[Kdirection_marker[m[K);
      |                                        [01;31m[K^~~~~~~~~~~~~~~~[m[K
gmake[2]: *** [CMakeFiles/nbvc_ray_generation.dir/build.make:76: CMakeFiles/nbvc_ray_generation.dir/src/nbvc_ray_generation.cpp.o] Error 1
gmake[1]: *** [CMakeFiles/Makefile2:139: CMakeFiles/nbvc_ray_generation.dir/all] Error 2
gmake: *** [Makefile:146: all] Error 2
