[0.018s] Invoking command in '/home/jajayu/TomatoHarvesting_NextBestView/nbv_code/ros2_ws2/build/my_robot_nbv_cmake': CMAKE_PREFIX_PATH=${CMAKE_PREFIX_PATH}:/home/jajayu/TomatoHarvesting_NextBestView/nbv_code/ros2_ws2/install/my_robot_nbv:/home/jajayu/TomatoHarvesting_NextBestView/nbv_code/ros2_ws2/install/my_robot_cam:/home/jajayu/ros2_ws/install/webots_ros2_tests:/home/jajayu/ros2_ws/install/webots_ros2:/home/jajayu/ros2_ws/install/pcd_demo:/home/jajayu/ros2_ws/install/my_robot_controller:/home/jajayu/ros2_ws/install/my_robot_cam:/home/jajayu/ros2_ws/install/gazebo_tutorial:/opt/ros/humble /home/jajayu/.local/bin/cmake --build /home/jajayu/TomatoHarvesting_NextBestView/nbv_code/ros2_ws2/build/my_robot_nbv_cmake -- -j8 -l8
[0.144s] [35m[1mConsolidate compiler generated dependencies of target SdfModel[0m
[0.158s] [ 50%] Built target nbvc_ray_generation
[0.165s] [ 75%] [32mBuilding CXX object CMakeFiles/SdfModel.dir/src/SdfModel.cpp.o[0m
[6.155s] [01m[K/home/jajayu/TomatoHarvesting_NextBestView/nbv_code/ros2_ws2/src/my_robot_nbv_cmake/src/SdfModel.cpp:[m[K In member function â€˜[01m[Kvoid MeshProcessor::LoadMesh()[m[Kâ€™:
[6.155s] [01m[K/home/jajayu/TomatoHarvesting_NextBestView/nbv_code/ros2_ws2/src/my_robot_nbv_cmake/src/SdfModel.cpp:42:46:[m[K [01;31m[Kerror: [m[Ktoo few arguments to function â€˜[01m[Kbool open3d::io::ReadTriangleMesh(const string&, open3d::geometry::TriangleMesh&, open3d::io::ReadTriangleMeshOptions)[m[Kâ€™
[6.155s]    42 |         mesh0_ = [01;31m[Kopen3d::io::ReadTriangleMesh(ply_file_path_)[m[K;
[6.155s]       |                  [01;31m[K~~~~~~~~~~~~~~~~~~~~~~~~~~~~^~~~~~~~~~~~~~~~[m[K
[6.155s] In file included from [01m[K/home/jajayu/open3d_install/include/open3d/Open3D.h:53[m[K,
[6.155s]                  from [01m[K/home/jajayu/TomatoHarvesting_NextBestView/nbv_code/ros2_ws2/src/my_robot_nbv_cmake/src/SdfModel.cpp:1[m[K:
[6.155s] [01m[K/home/jajayu/open3d_install/include/open3d/io/TriangleMeshIO.h:55:6:[m[K [01;36m[Knote: [m[Kdeclared here
[6.155s]    55 | bool [01;36m[KReadTriangleMesh[m[K(const std::string &filename,
[6.155s]       |      [01;36m[K^~~~~~~~~~~~~~~~[m[K
[6.155s] [01m[K/home/jajayu/TomatoHarvesting_NextBestView/nbv_code/ros2_ws2/src/my_robot_nbv_cmake/src/SdfModel.cpp:44:63:[m[K [01;31m[Kerror: [m[Kcannot convert â€˜[01m[Kopen3d::t::geometry::TriangleMesh[m[Kâ€™ to â€˜[01m[Kconst open3d::geometry::TriangleMesh&[m[Kâ€™
[6.155s]    44 |         mesh_ = open3d::t::geometry::TriangleMesh::FromLegacy([01;31m[Kmesh0_[m[K);
[6.156s]       |                                                               [01;31m[K^~~~~~[m[K
[6.156s]       |                                                               [01;31m[K|[m[K
[6.156s]       |                                                               [01;31m[Kopen3d::t::geometry::TriangleMesh[m[K
[6.156s] In file included from [01m[K/home/jajayu/open3d_install/include/open3d/t/geometry/PointCloud.h:24[m[K,
[6.156s]                  from [01m[K/home/jajayu/open3d_install/include/open3d/Open3D.h:70[m[K,
[6.156s]                  from [01m[K/home/jajayu/TomatoHarvesting_NextBestView/nbv_code/ros2_ws2/src/my_robot_nbv_cmake/src/SdfModel.cpp:1[m[K:
[6.156s] [01m[K/home/jajayu/open3d_install/include/open3d/t/geometry/TriangleMesh.h:728:51:[m[K [01;36m[Knote: [m[K  initializing argument 1 of â€˜[01m[Kstatic open3d::t::geometry::TriangleMesh open3d::t::geometry::TriangleMesh::FromLegacy(const open3d::geometry::TriangleMesh&, open3d::core::Dtype, open3d::core::Dtype, const open3d::core::Device&)[m[Kâ€™
[6.156s]   728 |             [01;36m[Kconst open3d::geometry::TriangleMesh &mesh_legacy[m[K,
[6.156s]       |             [01;36m[K~~~~~~~~~~~~~~~~~~~~~~~~~~~~~~~~~~~~~~^~~~~~~~~~~[m[K
[7.937s] gmake[2]: *** [CMakeFiles/SdfModel.dir/build.make:76: CMakeFiles/SdfModel.dir/src/SdfModel.cpp.o] Error 1
[7.937s] gmake[1]: *** [CMakeFiles/Makefile2:165: CMakeFiles/SdfModel.dir/all] Error 2
[7.937s] gmake: *** [Makefile:146: all] Error 2
[7.956s] Invoked command in '/home/jajayu/TomatoHarvesting_NextBestView/nbv_code/ros2_ws2/build/my_robot_nbv_cmake' returned '2': CMAKE_PREFIX_PATH=${CMAKE_PREFIX_PATH}:/home/jajayu/TomatoHarvesting_NextBestView/nbv_code/ros2_ws2/install/my_robot_nbv:/home/jajayu/TomatoHarvesting_NextBestView/nbv_code/ros2_ws2/install/my_robot_cam:/home/jajayu/ros2_ws/install/webots_ros2_tests:/home/jajayu/ros2_ws/install/webots_ros2:/home/jajayu/ros2_ws/install/pcd_demo:/home/jajayu/ros2_ws/install/my_robot_controller:/home/jajayu/ros2_ws/install/my_robot_cam:/home/jajayu/ros2_ws/install/gazebo_tutorial:/opt/ros/humble /home/jajayu/.local/bin/cmake --build /home/jajayu/TomatoHarvesting_NextBestView/nbv_code/ros2_ws2/build/my_robot_nbv_cmake -- -j8 -l8
