[01m[K/home/jajayu/TomatoHarvesting_NextBestView/nbv_code/ros2_ws2/src/my_robot_nbv_cmake/src/nbvc_ray_generation.cpp:[m[K In member function â€˜[01m[Kvoid MyNode::octomap_callback(octomap_msgs::msg::Octomap_<std::allocator<void> >::SharedPtr)[m[Kâ€™:
[01m[K/home/jajayu/TomatoHarvesting_NextBestView/nbv_code/ros2_ws2/src/my_robot_nbv_cmake/src/nbvc_ray_generation.cpp:109:21:[m[K [01;31m[Kerror: [m[Kâ€˜[01m[Kpublish_rays_and_directions[m[Kâ€™ was not declared in this scope; did you mean â€˜[01m[Kpublish_ray_and_direction[m[Kâ€™?
  109 |                     [01;31m[Kpublish_rays_and_directions[m[K(origin, rays_and_hits);
      |                     [01;31m[K^~~~~~~~~~~~~~~~~~~~~~~~~~~[m[K
      |                     [32m[Kpublish_ray_and_direction[m[K
gmake[2]: *** [CMakeFiles/nbvc_ray_generation.dir/build.make:76: CMakeFiles/nbvc_ray_generation.dir/src/nbvc_ray_generation.cpp.o] Error 1
gmake[1]: *** [CMakeFiles/Makefile2:139: CMakeFiles/nbvc_ray_generation.dir/all] Error 2
gmake: *** [Makefile:146: all] Error 2
