[ 50%] Built target nbvc_lib_SdfModel
[ 75%] [32mBuilding CXX object CMakeFiles/nbvc_ray_generation.dir/src/nbvc_ray_generation.cpp.o[0m
In file included from [01m[K/opt/ros/humble/include/rclcpp/rclcpp/logging.hpp:24[m[K,
                 from [01m[K/opt/ros/humble/include/rclcpp/rclcpp/client.hpp:40[m[K,
                 from [01m[K/opt/ros/humble/include/rclcpp/rclcpp/callback_group.hpp:24[m[K,
                 from [01m[K/opt/ros/humble/include/rclcpp/rclcpp/any_executable.hpp:20[m[K,
                 from [01m[K/opt/ros/humble/include/rclcpp/rclcpp/memory_strategy.hpp:25[m[K,
                 from [01m[K/opt/ros/humble/include/rclcpp/rclcpp/memory_strategies.hpp:18[m[K,
                 from [01m[K/opt/ros/humble/include/rclcpp/rclcpp/executor_options.hpp:20[m[K,
                 from [01m[K/opt/ros/humble/include/rclcpp/rclcpp/executor.hpp:37[m[K,
                 from [01m[K/opt/ros/humble/include/rclcpp/rclcpp/executors/multi_threaded_executor.hpp:25[m[K,
                 from [01m[K/opt/ros/humble/include/rclcpp/rclcpp/executors.hpp:21[m[K,
                 from [01m[K/opt/ros/humble/include/rclcpp/rclcpp/rclcpp.hpp:155[m[K,
                 from [01m[K/home/jajayu/TomatoHarvesting_NextBestView/nbv_code/ros2_ws2/src/my_robot_nbv_cmake/src/nbvc_ray_generation.cpp:4[m[K:
[01m[K/home/jajayu/TomatoHarvesting_NextBestView/nbv_code/ros2_ws2/src/my_robot_nbv_cmake/src/nbvc_ray_generation.cpp:[m[K In member function â€˜[01m[Kvoid MyNode::octomap_callback(octomap_msgs::msg::Octomap_<std::allocator<void> >::SharedPtr)[m[Kâ€™:
[01m[K/home/jajayu/TomatoHarvesting_NextBestView/nbv_code/ros2_ws2/src/my_robot_nbv_cmake/src/nbvc_ray_generation.cpp:165:98:[m[K [01;31m[Kerror: [m[Kâ€˜[01m[Kclass std::vector<octomath::Vector3>[m[Kâ€™ has no member named â€˜[01m[Kx[m[Kâ€™
  165 |        RCLCPP_INFO(this->get_logger(), "directionsV: (%f, %f, %f)", directionsV.[01;31m[Kx[m[K(), directionsV.y(), directionsV.z());
      |                                                                                 [01;31m[K^[m[K

[01m[K/home/jajayu/TomatoHarvesting_NextBestView/nbv_code/ros2_ws2/src/my_robot_nbv_cmake/src/nbvc_ray_generation.cpp:165:115:[m[K [01;31m[Kerror: [m[Kâ€˜[01m[Kclass std::vector<octomath::Vector3>[m[Kâ€™ has no member named â€˜[01m[Ky[m[Kâ€™
  165 | O(this->get_logger(), "directionsV: (%f, %f, %f)", directionsV.x(), directionsV.[01;31m[Ky[m[K(), directionsV.z());
      |                                                                                 [01;31m[K^[m[K

[01m[K/home/jajayu/TomatoHarvesting_NextBestView/nbv_code/ros2_ws2/src/my_robot_nbv_cmake/src/nbvc_ray_generation.cpp:165:132:[m[K [01;31m[Kerror: [m[Kâ€˜[01m[Kclass std::vector<octomath::Vector3>[m[Kâ€™ has no member named â€˜[01m[Kz[m[Kâ€™
  165 | _logger(), "directionsV: (%f, %f, %f)", directionsV.x(), directionsV.y(), directionsV.[01;31m[Kz[m[K());
      |                                                                                       [01;31m[K^[m[K

[01m[K/home/jajayu/TomatoHarvesting_NextBestView/nbv_code/ros2_ws2/src/my_robot_nbv_cmake/src/nbvc_ray_generation.cpp:164:38:[m[K [01;35m[Kwarning: [m[Kunused variable â€˜[01m[Ka[m[Kâ€™ [[01;35m[K]8;;https://gcc.gnu.org/onlinedocs/gcc/Warning-Options.html#index-Wunused-variable-Wunused-variable]8;;[m[K]
  164 |                     for (const auto& [01;35m[Ka[m[K :directionsV){
      |                                      [01;35m[K^[m[K
gmake[2]: *** [CMakeFiles/nbvc_ray_generation.dir/build.make:76: CMakeFiles/nbvc_ray_generation.dir/src/nbvc_ray_generation.cpp.o] Error 1
gmake[1]: *** [CMakeFiles/Makefile2:139: CMakeFiles/nbvc_ray_generation.dir/all] Error 2
gmake: *** [Makefile:146: all] Error 2
