[0.007s] Invoking command in '/home/jajayu/TomatoHarvesting_NextBestView/nbv_code/ros2_ws2/build/my_robot_nbv_cmake': CMAKE_PREFIX_PATH=${CMAKE_PREFIX_PATH}:/home/jajayu/TomatoHarvesting_NextBestView/nbv_code/ros2_ws2/install/my_robot_nbv:/home/jajayu/TomatoHarvesting_NextBestView/nbv_code/ros2_ws2/install/my_robot_cam:/home/jajayu/ros2_ws/install/webots_ros2_tests:/home/jajayu/ros2_ws/install/webots_ros2:/home/jajayu/ros2_ws/install/pcd_demo:/home/jajayu/ros2_ws/install/my_robot_controller:/home/jajayu/ros2_ws/install/my_robot_cam:/home/jajayu/ros2_ws/install/gazebo_tutorial:/opt/ros/humble /home/jajayu/.local/bin/cmake --build /home/jajayu/TomatoHarvesting_NextBestView/nbv_code/ros2_ws2/build/my_robot_nbv_cmake -- -j8 -l8
[0.145s] [35m[1mConsolidate compiler generated dependencies of target SdfModel[0m
[0.157s] [ 50%] Built target nbvc_ray_generation
[0.166s] [ 75%] [32mBuilding CXX object CMakeFiles/SdfModel.dir/src/SdfModel.cpp.o[0m
[6.454s] [01m[K/home/jajayu/TomatoHarvesting_NextBestView/nbv_code/ros2_ws2/src/my_robot_nbv_cmake/src/SdfModel.cpp:[m[K In member function â€˜[01m[Kvoid SdfModel::LoadMesh()[m[Kâ€™:
[6.454s] [01m[K/home/jajayu/TomatoHarvesting_NextBestView/nbv_code/ros2_ws2/src/my_robot_nbv_cmake/src/SdfModel.cpp:46:24:[m[K [01;31m[Kerror: [m[Kexpected identifier before numeric constant
[6.454s]    46 |         float radii = [[01;31m[K0.005[m[K, 0.01, 0.02, 0.04];
[6.454s]       |                        [01;31m[K^~~~~[m[K
[6.455s] [01m[K/home/jajayu/TomatoHarvesting_NextBestView/nbv_code/ros2_ws2/src/my_robot_nbv_cmake/src/SdfModel.cpp:46:29:[m[K [01;31m[Kerror: [m[Kexpected â€˜[01m[K][m[Kâ€™ before â€˜[01m[K,[m[Kâ€™ token
[6.455s]    46 |         float radii = [0.005[01;31m[K,[m[K 0.01, 0.02, 0.04];
[6.455s]       |                             [01;31m[K^[m[K
[6.455s] [01m[K/home/jajayu/TomatoHarvesting_NextBestView/nbv_code/ros2_ws2/src/my_robot_nbv_cmake/src/SdfModel.cpp:[m[K In lambda function:
[6.455s] [01m[K/home/jajayu/TomatoHarvesting_NextBestView/nbv_code/ros2_ws2/src/my_robot_nbv_cmake/src/SdfModel.cpp:46:29:[m[K [01;31m[Kerror: [m[Kexpected â€˜[01m[K{[m[Kâ€™ before â€˜[01m[K,[m[Kâ€™ token
[6.455s] [01m[K/home/jajayu/TomatoHarvesting_NextBestView/nbv_code/ros2_ws2/src/my_robot_nbv_cmake/src/SdfModel.cpp:[m[K In member function â€˜[01m[Kvoid SdfModel::LoadMesh()[m[Kâ€™:
[6.455s] [01m[K/home/jajayu/TomatoHarvesting_NextBestView/nbv_code/ros2_ws2/src/my_robot_nbv_cmake/src/SdfModel.cpp:46:29:[m[K [01;31m[Kerror: [m[Kcannot convert â€˜[01m[KSdfModel::LoadMesh()::<lambda()>[m[Kâ€™ to â€˜[01m[Kfloat[m[Kâ€™ in initialization
[6.455s] [01m[K/home/jajayu/TomatoHarvesting_NextBestView/nbv_code/ros2_ws2/src/my_robot_nbv_cmake/src/SdfModel.cpp:46:31:[m[K [01;31m[Kerror: [m[Kexpected unqualified-id before numeric constant
[6.455s]    46 |         float radii = [0.005, [01;31m[K0.01[m[K, 0.02, 0.04];
[6.455s]       |                               [01;31m[K^~~~[m[K
[6.469s] [01m[K/home/jajayu/TomatoHarvesting_NextBestView/nbv_code/ros2_ws2/src/my_robot_nbv_cmake/src/SdfModel.cpp:47:18:[m[K [01;31m[Kerror: [m[Kâ€˜[01m[Ko3d[m[Kâ€™ was not declared in this scope
[6.469s]    47 |         mesh0_ = [01;31m[Ko3d[m[K.geometry.TriangleMesh.create_from_point_cloud_ball_pivoting(*pcd_, open3d.utility.DoubleVector(radii));
[6.469s]       |                  [01;31m[K^~~[m[K
[6.469s] [01m[K/home/jajayu/TomatoHarvesting_NextBestView/nbv_code/ros2_ws2/src/my_robot_nbv_cmake/src/SdfModel.cpp:47:95:[m[K [01;31m[Kerror: [m[Kexpected primary-expression before â€˜[01m[K.[m[Kâ€™ token
[6.469s]    47 |         mesh0_ = o3d.geometry.TriangleMesh.create_from_point_cloud_ball_pivoting(*pcd_, open3d[01;31m[K.[m[Kutility.DoubleVector(radii));
[6.469s]       |                                                                                               [01;31m[K^[m[K
[9.044s] gmake[2]: *** [CMakeFiles/SdfModel.dir/build.make:76: CMakeFiles/SdfModel.dir/src/SdfModel.cpp.o] Error 1
[9.044s] gmake[1]: *** [CMakeFiles/Makefile2:165: CMakeFiles/SdfModel.dir/all] Error 2
[9.045s] gmake: *** [Makefile:146: all] Error 2
[9.059s] Invoked command in '/home/jajayu/TomatoHarvesting_NextBestView/nbv_code/ros2_ws2/build/my_robot_nbv_cmake' returned '2': CMAKE_PREFIX_PATH=${CMAKE_PREFIX_PATH}:/home/jajayu/TomatoHarvesting_NextBestView/nbv_code/ros2_ws2/install/my_robot_nbv:/home/jajayu/TomatoHarvesting_NextBestView/nbv_code/ros2_ws2/install/my_robot_cam:/home/jajayu/ros2_ws/install/webots_ros2_tests:/home/jajayu/ros2_ws/install/webots_ros2:/home/jajayu/ros2_ws/install/pcd_demo:/home/jajayu/ros2_ws/install/my_robot_controller:/home/jajayu/ros2_ws/install/my_robot_cam:/home/jajayu/ros2_ws/install/gazebo_tutorial:/opt/ros/humble /home/jajayu/.local/bin/cmake --build /home/jajayu/TomatoHarvesting_NextBestView/nbv_code/ros2_ws2/build/my_robot_nbv_cmake -- -j8 -l8
