[35m[1mConsolidate compiler generated dependencies of target SdfModel[0m
[ 50%] Built target nbvc_ray_generation
[ 75%] [32mBuilding CXX object CMakeFiles/SdfModel.dir/src/SdfModel.cpp.o[0m
[01m[K/home/jajayu/TomatoHarvesting_NextBestView/nbv_code/ros2_ws2/src/my_robot_nbv_cmake/src/SdfModel.cpp:[m[K In member function â€˜[01m[Kvoid MeshProcessor::ComputeSDFandOccupancy()[m[Kâ€™:
[01m[K/home/jajayu/TomatoHarvesting_NextBestView/nbv_code/ros2_ws2/src/my_robot_nbv_cmake/src/SdfModel.cpp:69:56:[m[K [01;31m[Kerror: [m[Kâ€˜[01m[Kopen3d::t::geometry::Tensor[m[Kâ€™ has not been declared
   69 |             auto point_q_formed = open3d::t::geometry::[01;31m[KTensor[m[K::Init({{point_q.x(), point_q.y(), point_q.z()}}, {1, 3}, open3d::core::Float32);
      |                                                        [01;31m[K^~~~~~[m[K
[01m[K/home/jajayu/TomatoHarvesting_NextBestView/nbv_code/ros2_ws2/src/my_robot_nbv_cmake/src/SdfModel.cpp:73:38:[m[K [01;31m[Kerror: [m[Kexpected primary-expression before â€˜[01m[Kfloat[m[Kâ€™
   73 |             if (signed_distance.Item<[01;31m[Kfloat[m[K>() <= 0) {  // Inside the mesh
      |                                      [01;31m[K^~~~~[m[K
[01m[K/home/jajayu/TomatoHarvesting_NextBestView/nbv_code/ros2_ws2/src/my_robot_nbv_cmake/src/SdfModel.cpp:73:38:[m[K [01;31m[Kerror: [m[Kexpected â€˜[01m[K)[m[Kâ€™ before â€˜[01m[Kfloat[m[Kâ€™
[01m[K/home/jajayu/TomatoHarvesting_NextBestView/nbv_code/ros2_ws2/src/my_robot_nbv_cmake/src/SdfModel.cpp:73:16:[m[K [01;36m[Knote: [m[Kto match this â€˜[01m[K([m[Kâ€™
   73 |             if [01;36m[K([m[Ksigned_distance.Item<float>() <= 0) {  // Inside the mesh
      |                [01;36m[K^[m[K
[01m[K/home/jajayu/TomatoHarvesting_NextBestView/nbv_code/ros2_ws2/src/my_robot_nbv_cmake/src/SdfModel.cpp:[m[K In member function â€˜[01m[Kvoid MeshProcessor::Visualize()[m[Kâ€™:
[01m[K/home/jajayu/TomatoHarvesting_NextBestView/nbv_code/ros2_ws2/src/my_robot_nbv_cmake/src/SdfModel.cpp:83:53:[m[K [01;31m[Kerror: [m[Kâ€˜[01m[KVector3dVector[m[Kâ€™ is not a member of â€˜[01m[Kopen3d::utility[m[Kâ€™
   83 |         query_point_vis->points_ = open3d::utility::[01;31m[KVector3dVector[m[K(points_);
      |                                                     [01;31m[K^~~~~~~~~~~~~~[m[K
[01m[K/home/jajayu/TomatoHarvesting_NextBestView/nbv_code/ros2_ws2/src/my_robot_nbv_cmake/src/SdfModel.cpp:84:53:[m[K [01;31m[Kerror: [m[Kâ€˜[01m[KVector3dVector[m[Kâ€™ is not a member of â€˜[01m[Kopen3d::utility[m[Kâ€™
   84 |         query_point_vis->colors_ = open3d::utility::[01;31m[KVector3dVector[m[K(colors_);
      |                                                     [01;31m[K^~~~~~~~~~~~~~[m[K
gmake[2]: *** [CMakeFiles/SdfModel.dir/build.make:76: CMakeFiles/SdfModel.dir/src/SdfModel.cpp.o] Error 1
gmake[1]: *** [CMakeFiles/Makefile2:165: CMakeFiles/SdfModel.dir/all] Error 2
gmake: *** [Makefile:146: all] Error 2
