[0.012s] Invoking command in '/home/jajayu/TomatoHarvesting_NextBestView/nbv_code/ros2_ws2/build/my_robot_nbv_cmake': CMAKE_PREFIX_PATH=${CMAKE_PREFIX_PATH}:/home/jajayu/TomatoHarvesting_NextBestView/nbv_code/ros2_ws2/install/my_robot_nbv:/home/jajayu/TomatoHarvesting_NextBestView/nbv_code/ros2_ws2/install/my_robot_cam:/home/jajayu/ros2_ws/install/webots_ros2_tests:/home/jajayu/ros2_ws/install/webots_ros2:/home/jajayu/ros2_ws/install/pcd_demo:/home/jajayu/ros2_ws/install/my_robot_controller:/home/jajayu/ros2_ws/install/my_robot_cam:/home/jajayu/ros2_ws/install/gazebo_tutorial:/opt/ros/humble /home/jajayu/.local/bin/cmake --build /home/jajayu/TomatoHarvesting_NextBestView/nbv_code/ros2_ws2/build/my_robot_nbv_cmake -- -j8 -l8
[0.154s] [35m[1mConsolidate compiler generated dependencies of target SdfModel[0m
[0.168s] [ 50%] Built target nbvc_ray_generation
[0.174s] [ 75%] [32mBuilding CXX object CMakeFiles/SdfModel.dir/src/SdfModel.cpp.o[0m
[6.193s] [01m[K/home/jajayu/TomatoHarvesting_NextBestView/nbv_code/ros2_ws2/src/my_robot_nbv_cmake/src/SdfModel.cpp:[m[K In member function â€˜[01m[Kvoid MeshProcessor::ComputeSDFandOccupancy()[m[Kâ€™:
[6.193s] [01m[K/home/jajayu/TomatoHarvesting_NextBestView/nbv_code/ros2_ws2/src/my_robot_nbv_cmake/src/SdfModel.cpp:69:56:[m[K [01;31m[Kerror: [m[Kâ€˜[01m[Kopen3d::t::geometry::Tensor[m[Kâ€™ has not been declared
[6.193s]    69 |             auto point_q_formed = open3d::t::geometry::[01;31m[KTensor[m[K::Init({{point_q.x(), point_q.y(), point_q.z()}}, {1, 3}, open3d::core::Float32);
[6.193s]       |                                                        [01;31m[K^~~~~~[m[K
[6.194s] [01m[K/home/jajayu/TomatoHarvesting_NextBestView/nbv_code/ros2_ws2/src/my_robot_nbv_cmake/src/SdfModel.cpp:73:38:[m[K [01;31m[Kerror: [m[Kexpected primary-expression before â€˜[01m[Kfloat[m[Kâ€™
[6.194s]    73 |             if (signed_distance.Item<[01;31m[Kfloat[m[K>() <= 0) {  // Inside the mesh
[6.194s]       |                                      [01;31m[K^~~~~[m[K
[6.194s] [01m[K/home/jajayu/TomatoHarvesting_NextBestView/nbv_code/ros2_ws2/src/my_robot_nbv_cmake/src/SdfModel.cpp:73:38:[m[K [01;31m[Kerror: [m[Kexpected â€˜[01m[K)[m[Kâ€™ before â€˜[01m[Kfloat[m[Kâ€™
[6.194s] [01m[K/home/jajayu/TomatoHarvesting_NextBestView/nbv_code/ros2_ws2/src/my_robot_nbv_cmake/src/SdfModel.cpp:73:16:[m[K [01;36m[Knote: [m[Kto match this â€˜[01m[K([m[Kâ€™
[6.194s]    73 |             if [01;36m[K([m[Ksigned_distance.Item<float>() <= 0) {  // Inside the mesh
[6.194s]       |                [01;36m[K^[m[K
[6.214s] [01m[K/home/jajayu/TomatoHarvesting_NextBestView/nbv_code/ros2_ws2/src/my_robot_nbv_cmake/src/SdfModel.cpp:[m[K In member function â€˜[01m[Kvoid MeshProcessor::Visualize()[m[Kâ€™:
[6.214s] [01m[K/home/jajayu/TomatoHarvesting_NextBestView/nbv_code/ros2_ws2/src/my_robot_nbv_cmake/src/SdfModel.cpp:83:53:[m[K [01;31m[Kerror: [m[Kâ€˜[01m[KVector3dVector[m[Kâ€™ is not a member of â€˜[01m[Kopen3d::utility[m[Kâ€™
[6.215s]    83 |         query_point_vis->points_ = open3d::utility::[01;31m[KVector3dVector[m[K(points_);
[6.215s]       |                                                     [01;31m[K^~~~~~~~~~~~~~[m[K
[6.215s] [01m[K/home/jajayu/TomatoHarvesting_NextBestView/nbv_code/ros2_ws2/src/my_robot_nbv_cmake/src/SdfModel.cpp:84:53:[m[K [01;31m[Kerror: [m[Kâ€˜[01m[KVector3dVector[m[Kâ€™ is not a member of â€˜[01m[Kopen3d::utility[m[Kâ€™
[6.216s]    84 |         query_point_vis->colors_ = open3d::utility::[01;31m[KVector3dVector[m[K(colors_);
[6.216s]       |                                                     [01;31m[K^~~~~~~~~~~~~~[m[K
[8.586s] gmake[2]: *** [CMakeFiles/SdfModel.dir/build.make:76: CMakeFiles/SdfModel.dir/src/SdfModel.cpp.o] Error 1
[8.586s] gmake[1]: *** [CMakeFiles/Makefile2:165: CMakeFiles/SdfModel.dir/all] Error 2
[8.586s] gmake: *** [Makefile:146: all] Error 2
[8.604s] Invoked command in '/home/jajayu/TomatoHarvesting_NextBestView/nbv_code/ros2_ws2/build/my_robot_nbv_cmake' returned '2': CMAKE_PREFIX_PATH=${CMAKE_PREFIX_PATH}:/home/jajayu/TomatoHarvesting_NextBestView/nbv_code/ros2_ws2/install/my_robot_nbv:/home/jajayu/TomatoHarvesting_NextBestView/nbv_code/ros2_ws2/install/my_robot_cam:/home/jajayu/ros2_ws/install/webots_ros2_tests:/home/jajayu/ros2_ws/install/webots_ros2:/home/jajayu/ros2_ws/install/pcd_demo:/home/jajayu/ros2_ws/install/my_robot_controller:/home/jajayu/ros2_ws/install/my_robot_cam:/home/jajayu/ros2_ws/install/gazebo_tutorial:/opt/ros/humble /home/jajayu/.local/bin/cmake --build /home/jajayu/TomatoHarvesting_NextBestView/nbv_code/ros2_ws2/build/my_robot_nbv_cmake -- -j8 -l8
