[0.012s] Invoking command in '/home/jajayu/TomatoHarvesting_NextBestView/nbv_code/ros2_ws2/build/my_robot_nbv_cmake': CMAKE_PREFIX_PATH=${CMAKE_PREFIX_PATH}:/home/jajayu/TomatoHarvesting_NextBestView/nbv_code/ros2_ws2/install/my_robot_nbv:/home/jajayu/TomatoHarvesting_NextBestView/nbv_code/ros2_ws2/install/my_robot_cam:/home/jajayu/ros2_ws/install/webots_ros2_tests:/home/jajayu/ros2_ws/install/webots_ros2:/home/jajayu/ros2_ws/install/pcd_demo:/home/jajayu/ros2_ws/install/my_robot_controller:/home/jajayu/ros2_ws/install/my_robot_cam:/home/jajayu/ros2_ws/install/gazebo_tutorial:/opt/ros/humble /home/jajayu/.local/bin/cmake --build /home/jajayu/TomatoHarvesting_NextBestView/nbv_code/ros2_ws2/build/my_robot_nbv_cmake -- -j8 -l8
[0.146s] [ 50%] Built target nbvc_ray_generation
[0.152s] [ 75%] [32mBuilding CXX object CMakeFiles/SdfModel.dir/src/SdfModel.cpp.o[0m
[6.169s] [01m[K/home/jajayu/TomatoHarvesting_NextBestView/nbv_code/ros2_ws2/src/my_robot_nbv_cmake/src/SdfModel.cpp:168:8:[m[K [01;31m[Kerror: [m[Kexpected unqualified-id before ‚Äò[01m[K[[m[K‚Äô token
[6.169s]   168 |     int[01;31m[K[[m[K] ShowInPointCount(){
[6.169s]       |        [01;31m[K^[m[K
[6.173s] [01m[K/home/jajayu/TomatoHarvesting_NextBestView/nbv_code/ros2_ws2/src/my_robot_nbv_cmake/src/SdfModel.cpp:222:8:[m[K [01;31m[Kerror: [m[Kexpected unqualified-id before ‚Äò[01m[K[[m[K‚Äô token
[6.173s]   222 |     int[01;31m[K[[m[K] countPoint={0,0};
[6.173s]       |        [01;31m[K^[m[K
[6.248s] [01m[K/home/jajayu/TomatoHarvesting_NextBestView/nbv_code/ros2_ws2/src/my_robot_nbv_cmake/src/SdfModel.cpp:[m[K In member function ‚Äò[01m[Kvoid SdfModel::ComputeSDF(std::vector<Eigen::Matrix<float, 3, 1> >)[m[K‚Äô:
[6.248s] [01m[K/home/jajayu/TomatoHarvesting_NextBestView/nbv_code/ros2_ws2/src/my_robot_nbv_cmake/src/SdfModel.cpp:157:17:[m[K [01;31m[Kerror: [m[K‚Äò[01m[KcountPoint[m[K‚Äô was not declared in this scope
[6.248s]   157 |                 [01;31m[KcountPoint[m[K[0]+=1;
[6.248s]       |                 [01;31m[K^~~~~~~~~~[m[K
[6.272s] [01m[K/home/jajayu/TomatoHarvesting_NextBestView/nbv_code/ros2_ws2/src/my_robot_nbv_cmake/src/SdfModel.cpp:161:17:[m[K [01;31m[Kerror: [m[K‚Äò[01m[KcountPoint[m[K‚Äô was not declared in this scope
[6.273s]   161 |                 [01;31m[KcountPoint[m[K[1]+=1;
[6.273s]       |                 [01;31m[K^~~~~~~~~~[m[K
[6.294s] [01m[K/home/jajayu/TomatoHarvesting_NextBestView/nbv_code/ros2_ws2/src/my_robot_nbv_cmake/src/SdfModel.cpp:[m[K In member function ‚Äò[01m[Kvoid SdfModel::CleanPointCount()[m[K‚Äô:
[6.294s] [01m[K/home/jajayu/TomatoHarvesting_NextBestView/nbv_code/ros2_ws2/src/my_robot_nbv_cmake/src/SdfModel.cpp:173:9:[m[K [01;31m[Kerror: [m[K‚Äò[01m[KcountPoint[m[K‚Äô was not declared in this scope
[6.294s]   173 |         [01;31m[KcountPoint[m[K[0]=0;//ÊØèÊèõ‰∏ÄÂÄãcandidate viewË¶ÅÂºÑ‰∏ÄÊ¨°
[6.294s]       |         [01;31m[K^~~~~~~~~~[m[K
[6.310s] [01m[K/home/jajayu/TomatoHarvesting_NextBestView/nbv_code/ros2_ws2/src/my_robot_nbv_cmake/src/SdfModel.cpp:[m[K In function ‚Äò[01m[Kint main(int, char**)[m[K‚Äô:
[6.310s] [01m[K/home/jajayu/TomatoHarvesting_NextBestView/nbv_code/ros2_ws2/src/my_robot_nbv_cmake/src/SdfModel.cpp:284:45:[m[K [01;31m[Kerror: [m[K‚Äò[01m[Kradius[m[K‚Äô was not declared in this scope
[6.310s]   284 |     std::uniform_real_distribution<> dist_r([01;31m[Kradius[m[K, radius);
[6.310s]       |                                             [01;31m[K^~~~~~[m[K
[6.312s] [01m[K/home/jajayu/TomatoHarvesting_NextBestView/nbv_code/ros2_ws2/src/my_robot_nbv_cmake/src/SdfModel.cpp:317:8:[m[K [01;31m[Kerror: [m[Kstructured binding declaration cannot have type ‚Äò[01m[Kint[m[K‚Äô
[6.312s]   317 |     int[01;31m[K[][m[K count=processor.ShowInPointCount();
[6.312s]       |        [01;31m[K^~[m[K
[6.312s] [01m[K/home/jajayu/TomatoHarvesting_NextBestView/nbv_code/ros2_ws2/src/my_robot_nbv_cmake/src/SdfModel.cpp:317:8:[m[K [01;36m[Knote: [m[Ktype must be cv-qualified ‚Äò[01m[Kauto[m[K‚Äô or reference to cv-qualified ‚Äò[01m[Kauto[m[K‚Äô
[6.312s] [01m[K/home/jajayu/TomatoHarvesting_NextBestView/nbv_code/ros2_ws2/src/my_robot_nbv_cmake/src/SdfModel.cpp:317:8:[m[K [01;31m[Kerror: [m[Kempty structured binding declaration
[6.312s] [01m[K/home/jajayu/TomatoHarvesting_NextBestView/nbv_code/ros2_ws2/src/my_robot_nbv_cmake/src/SdfModel.cpp:317:11:[m[K [01;31m[Kerror: [m[Kexpected initializer before ‚Äò[01m[Kcount[m[K‚Äô
[6.312s]   317 |     int[] [01;31m[Kcount[m[K=processor.ShowInPointCount();
[6.313s]       |           [01;31m[K^~~~~[m[K
[6.313s] [01m[K/home/jajayu/TomatoHarvesting_NextBestView/nbv_code/ros2_ws2/src/my_robot_nbv_cmake/src/SdfModel.cpp:318:35:[m[K [01;31m[Kerror: [m[Kinvalid types ‚Äò[01m[K<unresolved overloaded function type>[int][m[K‚Äô for array subscript
[6.313s]   318 |     cout<<"the count kkk: "<<count[01;31m[K[[m[K0]<<"[1]: "<<count[1];
[6.313s]       |                                   [01;31m[K^[m[K
[6.313s] [01m[K/home/jajayu/TomatoHarvesting_NextBestView/nbv_code/ros2_ws2/src/my_robot_nbv_cmake/src/SdfModel.cpp:318:54:[m[K [01;31m[Kerror: [m[Kinvalid types ‚Äò[01m[K<unresolved overloaded function type>[int][m[K‚Äô for array subscript
[6.313s]   318 |     cout<<"the count kkk: "<<count[0]<<"[1]: "<<count[01;31m[K[[m[K1];
[6.313s]       |                                                      [01;31m[K^[m[K
[6.313s] [01m[K/home/jajayu/TomatoHarvesting_NextBestView/nbv_code/ros2_ws2/src/my_robot_nbv_cmake/src/SdfModel.cpp:321:15:[m[K [01;31m[Kerror: [m[K‚Äò[01m[Kclass SdfModel[m[K‚Äô has no member named ‚Äò[01m[KShowInPointCount[m[K‚Äô; did you mean ‚Äò[01m[KCleanPointCount[m[K‚Äô?
[6.313s]   321 |     processor.[01;31m[KShowInPointCount[m[K();
[6.313s]       |               [01;31m[K^~~~~~~~~~~~~~~~[m[K
[6.313s]       |               [32m[KCleanPointCount[m[K
[6.313s] [01m[K/home/jajayu/TomatoHarvesting_NextBestView/nbv_code/ros2_ws2/src/my_robot_nbv_cmake/src/SdfModel.cpp:284:38:[m[K [01;35m[Kwarning: [m[Kunused variable ‚Äò[01m[Kdist_r[m[K‚Äô [[01;35m[K]8;;https://gcc.gnu.org/onlinedocs/gcc/Warning-Options.html#index-Wunused-variable-Wunused-variable]8;;[m[K]
[6.313s]   284 |     std::uniform_real_distribution<> [01;35m[Kdist_r[m[K(radius, radius);
[6.313s]       |                                      [01;35m[K^~~~~~[m[K
[6.314s] [01m[K/home/jajayu/TomatoHarvesting_NextBestView/nbv_code/ros2_ws2/src/my_robot_nbv_cmake/src/SdfModel.cpp:317:8:[m[K [01;35m[Kwarning: [m[Kunused structured binding declaration [[01;35m[K]8;;https://gcc.gnu.org/onlinedocs/gcc/Warning-Options.html#index-Wunused-variable-Wunused-variable]8;;[m[K]
[6.314s]   317 |     int[01;35m[K[][m[K count=processor.ShowInPointCount();
[6.314s]       |        [01;35m[K^~[m[K
[8.776s] gmake[2]: *** [CMakeFiles/SdfModel.dir/build.make:76: CMakeFiles/SdfModel.dir/src/SdfModel.cpp.o] Error 1
[8.776s] gmake[1]: *** [CMakeFiles/Makefile2:165: CMakeFiles/SdfModel.dir/all] Error 2
[8.777s] gmake: *** [Makefile:146: all] Error 2
[8.796s] Invoked command in '/home/jajayu/TomatoHarvesting_NextBestView/nbv_code/ros2_ws2/build/my_robot_nbv_cmake' returned '2': CMAKE_PREFIX_PATH=${CMAKE_PREFIX_PATH}:/home/jajayu/TomatoHarvesting_NextBestView/nbv_code/ros2_ws2/install/my_robot_nbv:/home/jajayu/TomatoHarvesting_NextBestView/nbv_code/ros2_ws2/install/my_robot_cam:/home/jajayu/ros2_ws/install/webots_ros2_tests:/home/jajayu/ros2_ws/install/webots_ros2:/home/jajayu/ros2_ws/install/pcd_demo:/home/jajayu/ros2_ws/install/my_robot_controller:/home/jajayu/ros2_ws/install/my_robot_cam:/home/jajayu/ros2_ws/install/gazebo_tutorial:/opt/ros/humble /home/jajayu/.local/bin/cmake --build /home/jajayu/TomatoHarvesting_NextBestView/nbv_code/ros2_ws2/build/my_robot_nbv_cmake -- -j8 -l8
