[0.013s] Invoking command in '/home/jajayu/TomatoHarvesting_NextBestView/nbv_code/ros2_ws2/build/my_robot_nbv_cmake': CMAKE_PREFIX_PATH=${CMAKE_PREFIX_PATH}:/home/jajayu/TomatoHarvesting_NextBestView/nbv_code/ros2_ws2/install/my_robot_nbv:/home/jajayu/TomatoHarvesting_NextBestView/nbv_code/ros2_ws2/install/my_robot_cam:/home/jajayu/ros2_ws/install/webots_ros2_tests:/home/jajayu/ros2_ws/install/webots_ros2:/home/jajayu/ros2_ws/install/pcd_demo:/home/jajayu/ros2_ws/install/my_robot_controller:/home/jajayu/ros2_ws/install/my_robot_cam:/home/jajayu/ros2_ws/install/gazebo_tutorial:/opt/ros/humble /home/jajayu/.local/bin/cmake --build /home/jajayu/TomatoHarvesting_NextBestView/nbv_code/ros2_ws2/build/my_robot_nbv_cmake -- -j8 -l8
[0.148s] [35m[1mConsolidate compiler generated dependencies of target SdfModel[0m
[0.160s] [ 50%] Built target nbvc_ray_generation
[0.171s] [ 75%] [32mBuilding CXX object CMakeFiles/SdfModel.dir/src/SdfModel.cpp.o[0m
[6.161s] [01m[K/home/jajayu/TomatoHarvesting_NextBestView/nbv_code/ros2_ws2/src/my_robot_nbv_cmake/src/SdfModel.cpp:[m[K In member function â€˜[01m[Kvoid MeshProcessor::ComputeSDFandOccupancy()[m[Kâ€™:
[6.161s] [01m[K/home/jajayu/TomatoHarvesting_NextBestView/nbv_code/ros2_ws2/src/my_robot_nbv_cmake/src/SdfModel.cpp:97:36:[m[K [01;31m[Kerror: [m[Kexpected identifier before â€˜[01m[K[[m[Kâ€™ token
[6.162s]    97 |             auto point_q_formed = [[01;31m[K[[m[Kpoint_q.x(), point_q.y(), point_q.z()]]
[6.162s]       |                                    [01;31m[K^[m[K
[6.162s] [01m[K/home/jajayu/TomatoHarvesting_NextBestView/nbv_code/ros2_ws2/src/my_robot_nbv_cmake/src/SdfModel.cpp:99:13:[m[K [01;31m[Kerror: [m[Ktype-specifier invalid in lambda
[6.162s]    99 |             [01;31m[Kauto[m[K signed_distance = scene_.ComputeSignedDistance(point_q_formed);
[6.162s]       |             [01;31m[K^~~~[m[K
[6.162s] [01m[K/home/jajayu/TomatoHarvesting_NextBestView/nbv_code/ros2_ws2/src/my_robot_nbv_cmake/src/SdfModel.cpp:99:13:[m[K [01;35m[Kwarning: [m[Kparameter declaration before lambda declaration specifiers only optional with â€˜[01m[K-std=c++2b[m[Kâ€™ or â€˜[01m[K-std=gnu++2b[m[Kâ€™
[6.162s] [01m[K/home/jajayu/TomatoHarvesting_NextBestView/nbv_code/ros2_ws2/src/my_robot_nbv_cmake/src/SdfModel.cpp:[m[K In lambda function:
[6.162s] [01m[K/home/jajayu/TomatoHarvesting_NextBestView/nbv_code/ros2_ws2/src/my_robot_nbv_cmake/src/SdfModel.cpp:99:18:[m[K [01;31m[Kerror: [m[Kexpected â€˜[01m[K{[m[Kâ€™ before â€˜[01m[Ksigned_distance[m[Kâ€™
[6.162s]    99 |             auto [01;31m[Ksigned_distance[m[K = scene_.ComputeSignedDistance(point_q_formed);
[6.162s]       |                  [01;31m[K^~~~~~~~~~~~~~~[m[K
[6.163s] [01m[K/home/jajayu/TomatoHarvesting_NextBestView/nbv_code/ros2_ws2/src/my_robot_nbv_cmake/src/SdfModel.cpp:[m[K In member function â€˜[01m[Kvoid MeshProcessor::ComputeSDFandOccupancy()[m[Kâ€™:
[6.163s] [01m[K/home/jajayu/TomatoHarvesting_NextBestView/nbv_code/ros2_ws2/src/my_robot_nbv_cmake/src/SdfModel.cpp:99:18:[m[K [01;31m[Kerror: [m[Kexpected â€˜[01m[K,[m[Kâ€™ or â€˜[01m[K;[m[Kâ€™ before â€˜[01m[Ksigned_distance[m[Kâ€™
[6.163s] [01m[K/home/jajayu/TomatoHarvesting_NextBestView/nbv_code/ros2_ws2/src/my_robot_nbv_cmake/src/SdfModel.cpp:100:54:[m[K [01;31m[Kerror: [m[Kcannot convert â€˜[01m[KMeshProcessor::ComputeSDFandOccupancy()::<lambda()>[m[Kâ€™ to â€˜[01m[Kconst open3d::core::Tensor&[m[Kâ€™
[6.163s]   100 |             auto occupancy = scene_.ComputeOccupancy([01;31m[Kpoint_q_formed[m[K);
[6.163s]       |                                                      [01;31m[K^~~~~~~~~~~~~~[m[K
[6.163s]       |                                                      [01;31m[K|[m[K
[6.163s]       |                                                      [01;31m[KMeshProcessor::ComputeSDFandOccupancy()::<lambda()>[m[K
[6.163s] In file included from [01m[K/home/jajayu/TomatoHarvesting_NextBestView/nbv_code/ros2_ws2/src/my_robot_nbv_cmake/src/SdfModel.cpp:3[m[K:
[6.163s] [01m[K/home/jajayu/open3d_install/include/open3d/t/geometry/RaycastingScene.h:215:55:[m[K [01;36m[Knote: [m[K  initializing argument 1 of â€˜[01m[Kopen3d::core::Tensor open3d::t::geometry::RaycastingScene::ComputeOccupancy(const open3d::core::Tensor&, int, int)[m[Kâ€™
[6.163s]   215 |     core::Tensor ComputeOccupancy([01;36m[Kconst core::Tensor &query_points[m[K,
[6.163s]       |                                   [01;36m[K~~~~~~~~~~~~~~~~~~~~^~~~~~~~~~~~[m[K
[6.196s] [01m[K/home/jajayu/TomatoHarvesting_NextBestView/nbv_code/ros2_ws2/src/my_robot_nbv_cmake/src/SdfModel.cpp:102:17:[m[K [01;31m[Kerror: [m[Kâ€˜[01m[Ksigned_distance[m[Kâ€™ was not declared in this scope
[6.196s]   102 |             if ([01;31m[Ksigned_distance[m[K.Item<float>() <= 0) {  // Inside the mesh
[6.196s]       |                 [01;31m[K^~~~~~~~~~~~~~~[m[K
[6.196s] [01m[K/home/jajayu/TomatoHarvesting_NextBestView/nbv_code/ros2_ws2/src/my_robot_nbv_cmake/src/SdfModel.cpp:102:38:[m[K [01;31m[Kerror: [m[Kexpected primary-expression before â€˜[01m[Kfloat[m[Kâ€™
[6.196s]   102 |             if (signed_distance.Item<[01;31m[Kfloat[m[K>() <= 0) {  // Inside the mesh
[6.196s]       |                                      [01;31m[K^~~~~[m[K
[6.196s] [01m[K/home/jajayu/TomatoHarvesting_NextBestView/nbv_code/ros2_ws2/src/my_robot_nbv_cmake/src/SdfModel.cpp:102:38:[m[K [01;31m[Kerror: [m[Kexpected â€˜[01m[K)[m[Kâ€™ before â€˜[01m[Kfloat[m[Kâ€™
[6.196s] [01m[K/home/jajayu/TomatoHarvesting_NextBestView/nbv_code/ros2_ws2/src/my_robot_nbv_cmake/src/SdfModel.cpp:102:16:[m[K [01;36m[Knote: [m[Kto match this â€˜[01m[K([m[Kâ€™
[6.196s]   102 |             if [01;36m[K([m[Ksigned_distance.Item<float>() <= 0) {  // Inside the mesh
[6.196s]       |                [01;36m[K^[m[K
[8.648s] gmake[2]: *** [CMakeFiles/SdfModel.dir/build.make:76: CMakeFiles/SdfModel.dir/src/SdfModel.cpp.o] Error 1
[8.649s] gmake[1]: *** [CMakeFiles/Makefile2:165: CMakeFiles/SdfModel.dir/all] Error 2
[8.649s] gmake: *** [Makefile:146: all] Error 2
[8.664s] Invoked command in '/home/jajayu/TomatoHarvesting_NextBestView/nbv_code/ros2_ws2/build/my_robot_nbv_cmake' returned '2': CMAKE_PREFIX_PATH=${CMAKE_PREFIX_PATH}:/home/jajayu/TomatoHarvesting_NextBestView/nbv_code/ros2_ws2/install/my_robot_nbv:/home/jajayu/TomatoHarvesting_NextBestView/nbv_code/ros2_ws2/install/my_robot_cam:/home/jajayu/ros2_ws/install/webots_ros2_tests:/home/jajayu/ros2_ws/install/webots_ros2:/home/jajayu/ros2_ws/install/pcd_demo:/home/jajayu/ros2_ws/install/my_robot_controller:/home/jajayu/ros2_ws/install/my_robot_cam:/home/jajayu/ros2_ws/install/gazebo_tutorial:/opt/ros/humble /home/jajayu/.local/bin/cmake --build /home/jajayu/TomatoHarvesting_NextBestView/nbv_code/ros2_ws2/build/my_robot_nbv_cmake -- -j8 -l8
