[01m[K/home/jajayu/TomatoHarvesting_NextBestView/nbv_code/ros2_ws2/src/my_robot_nbv_cmake/src/SdfModel.cpp:222:8:[m[K [01;31m[Kerror: [m[Kexpected unqualified-id before â€˜[01m[K[[m[Kâ€™ token
  222 |     int[01;31m[K[[m[K] countPoint={0,0};
      |        [01;31m[K^[m[K
[01m[K/home/jajayu/TomatoHarvesting_NextBestView/nbv_code/ros2_ws2/src/my_robot_nbv_cmake/src/SdfModel.cpp:[m[K In member function â€˜[01m[Kvoid SdfModel::ComputeSDF(std::vector<Eigen::Matrix<float, 3, 1> >)[m[Kâ€™:
[01m[K/home/jajayu/TomatoHarvesting_NextBestView/nbv_code/ros2_ws2/src/my_robot_nbv_cmake/src/SdfModel.cpp:157:17:[m[K [01;31m[Kerror: [m[Kâ€˜[01m[KcountPoint[m[Kâ€™ was not declared in this scope
  157 |                 [01;31m[KcountPoint[m[K[0]+=1;
      |                 [01;31m[K^~~~~~~~~~[m[K
[01m[K/home/jajayu/TomatoHarvesting_NextBestView/nbv_code/ros2_ws2/src/my_robot_nbv_cmake/src/SdfModel.cpp:161:17:[m[K [01;31m[Kerror: [m[Kâ€˜[01m[KcountPoint[m[Kâ€™ was not declared in this scope
  161 |                 [01;31m[KcountPoint[m[K[1]+=1;
      |                 [01;31m[K^~~~~~~~~~[m[K
[01m[K/home/jajayu/TomatoHarvesting_NextBestView/nbv_code/ros2_ws2/src/my_robot_nbv_cmake/src/SdfModel.cpp:[m[K In member function â€˜[01m[Kstd::array<int, 2> SdfModel::ShowInPointCount()[m[Kâ€™:
[01m[K/home/jajayu/TomatoHarvesting_NextBestView/nbv_code/ros2_ws2/src/my_robot_nbv_cmake/src/SdfModel.cpp:169:30:[m[K [01;31m[Kerror: [m[Kâ€˜[01m[KcountPoint[m[Kâ€™ was not declared in this scope
  169 |         cout<< "there are "<<[01;31m[KcountPoint[m[K <<"within the surface";
      |                              [01;31m[K^~~~~~~~~~[m[K
[01m[K/home/jajayu/TomatoHarvesting_NextBestView/nbv_code/ros2_ws2/src/my_robot_nbv_cmake/src/SdfModel.cpp:[m[K In member function â€˜[01m[Kvoid SdfModel::CleanPointCount()[m[Kâ€™:
[01m[K/home/jajayu/TomatoHarvesting_NextBestView/nbv_code/ros2_ws2/src/my_robot_nbv_cmake/src/SdfModel.cpp:173:9:[m[K [01;31m[Kerror: [m[Kâ€˜[01m[KcountPoint[m[Kâ€™ was not declared in this scope
  173 |         [01;31m[KcountPoint[m[K[0]=0;//æ¯æ›ä¸€å€‹candidate viewè¦å¼„ä¸€æ¬¡
      |         [01;31m[K^~~~~~~~~~[m[K
[01m[K/home/jajayu/TomatoHarvesting_NextBestView/nbv_code/ros2_ws2/src/my_robot_nbv_cmake/src/SdfModel.cpp:[m[K In function â€˜[01m[Kint main(int, char**)[m[Kâ€™:
[01m[K/home/jajayu/TomatoHarvesting_NextBestView/nbv_code/ros2_ws2/src/my_robot_nbv_cmake/src/SdfModel.cpp:284:45:[m[K [01;31m[Kerror: [m[Kâ€˜[01m[Kradius[m[Kâ€™ was not declared in this scope
  284 |     std::uniform_real_distribution<> dist_r([01;31m[Kradius[m[K, radius);
      |                                             [01;31m[K^~~~~~[m[K
[01m[K/home/jajayu/TomatoHarvesting_NextBestView/nbv_code/ros2_ws2/src/my_robot_nbv_cmake/src/SdfModel.cpp:284:38:[m[K [01;35m[Kwarning: [m[Kunused variable â€˜[01m[Kdist_r[m[Kâ€™ [[01;35m[K]8;;https://gcc.gnu.org/onlinedocs/gcc/Warning-Options.html#index-Wunused-variable-Wunused-variable]8;;[m[K]
  284 |     std::uniform_real_distribution<> [01;35m[Kdist_r[m[K(radius, radius);
      |                                      [01;35m[K^~~~~~[m[K
gmake[2]: *** [CMakeFiles/SdfModel.dir/build.make:76: CMakeFiles/SdfModel.dir/src/SdfModel.cpp.o] Error 1
gmake[1]: *** [CMakeFiles/Makefile2:165: CMakeFiles/SdfModel.dir/all] Error 2
gmake: *** [Makefile:146: all] Error 2
