[0.013s] Invoking command in '/home/jajayu/TomatoHarvesting_NextBestView/nbv_code/ros2_ws2/build/my_robot_nbv_cmake': CMAKE_PREFIX_PATH=${CMAKE_PREFIX_PATH}:/home/jajayu/TomatoHarvesting_NextBestView/nbv_code/ros2_ws2/install/my_robot_nbv:/home/jajayu/TomatoHarvesting_NextBestView/nbv_code/ros2_ws2/install/my_robot_cam:/home/jajayu/ros2_ws/install/webots_ros2_tests:/home/jajayu/ros2_ws/install/webots_ros2:/home/jajayu/ros2_ws/install/pcd_demo:/home/jajayu/ros2_ws/install/my_robot_controller:/home/jajayu/ros2_ws/install/my_robot_cam:/home/jajayu/ros2_ws/install/gazebo_tutorial:/opt/ros/humble /home/jajayu/.local/bin/cmake --build /home/jajayu/TomatoHarvesting_NextBestView/nbv_code/ros2_ws2/build/my_robot_nbv_cmake -- -j8 -l8
[0.117s] [ 50%] Built target nbvc_ray_generation
[0.125s] [ 75%] [32mBuilding CXX object CMakeFiles/SdfModel.dir/src/SdfModel.cpp.o[0m
[6.152s] [01m[K/home/jajayu/TomatoHarvesting_NextBestView/nbv_code/ros2_ws2/src/my_robot_nbv_cmake/src/SdfModel.cpp:222:8:[m[K [01;31m[Kerror: [m[Kexpected unqualified-id before â€˜[01m[K[[m[Kâ€™ token
[6.152s]   222 |     int[01;31m[K[[m[K] countPoint={0,0};
[6.152s]       |        [01;31m[K^[m[K
[6.224s] [01m[K/home/jajayu/TomatoHarvesting_NextBestView/nbv_code/ros2_ws2/src/my_robot_nbv_cmake/src/SdfModel.cpp:[m[K In member function â€˜[01m[Kvoid SdfModel::ComputeSDF(std::vector<Eigen::Matrix<float, 3, 1> >)[m[Kâ€™:
[6.224s] [01m[K/home/jajayu/TomatoHarvesting_NextBestView/nbv_code/ros2_ws2/src/my_robot_nbv_cmake/src/SdfModel.cpp:157:17:[m[K [01;31m[Kerror: [m[Kâ€˜[01m[KcountPoint[m[Kâ€™ was not declared in this scope
[6.224s]   157 |                 [01;31m[KcountPoint[m[K[0]+=1;
[6.224s]       |                 [01;31m[K^~~~~~~~~~[m[K
[6.244s] [01m[K/home/jajayu/TomatoHarvesting_NextBestView/nbv_code/ros2_ws2/src/my_robot_nbv_cmake/src/SdfModel.cpp:161:17:[m[K [01;31m[Kerror: [m[Kâ€˜[01m[KcountPoint[m[Kâ€™ was not declared in this scope
[6.244s]   161 |                 [01;31m[KcountPoint[m[K[1]+=1;
[6.244s]       |                 [01;31m[K^~~~~~~~~~[m[K
[6.266s] [01m[K/home/jajayu/TomatoHarvesting_NextBestView/nbv_code/ros2_ws2/src/my_robot_nbv_cmake/src/SdfModel.cpp:[m[K In member function â€˜[01m[Kstd::array<int, 2> SdfModel::ShowInPointCount()[m[Kâ€™:
[6.266s] [01m[K/home/jajayu/TomatoHarvesting_NextBestView/nbv_code/ros2_ws2/src/my_robot_nbv_cmake/src/SdfModel.cpp:169:30:[m[K [01;31m[Kerror: [m[Kâ€˜[01m[KcountPoint[m[Kâ€™ was not declared in this scope
[6.266s]   169 |         cout<< "there are "<<[01;31m[KcountPoint[m[K <<"within the surface";
[6.266s]       |                              [01;31m[K^~~~~~~~~~[m[K
[6.287s] [01m[K/home/jajayu/TomatoHarvesting_NextBestView/nbv_code/ros2_ws2/src/my_robot_nbv_cmake/src/SdfModel.cpp:[m[K In member function â€˜[01m[Kvoid SdfModel::CleanPointCount()[m[Kâ€™:
[6.287s] [01m[K/home/jajayu/TomatoHarvesting_NextBestView/nbv_code/ros2_ws2/src/my_robot_nbv_cmake/src/SdfModel.cpp:173:9:[m[K [01;31m[Kerror: [m[Kâ€˜[01m[KcountPoint[m[Kâ€™ was not declared in this scope
[6.287s]   173 |         [01;31m[KcountPoint[m[K[0]=0;//æ¯æ›ä¸€å€‹candidate viewè¦å¼„ä¸€æ¬¡
[6.287s]       |         [01;31m[K^~~~~~~~~~[m[K
[6.302s] [01m[K/home/jajayu/TomatoHarvesting_NextBestView/nbv_code/ros2_ws2/src/my_robot_nbv_cmake/src/SdfModel.cpp:[m[K In function â€˜[01m[Kint main(int, char**)[m[Kâ€™:
[6.302s] [01m[K/home/jajayu/TomatoHarvesting_NextBestView/nbv_code/ros2_ws2/src/my_robot_nbv_cmake/src/SdfModel.cpp:284:45:[m[K [01;31m[Kerror: [m[Kâ€˜[01m[Kradius[m[Kâ€™ was not declared in this scope
[6.302s]   284 |     std::uniform_real_distribution<> dist_r([01;31m[Kradius[m[K, radius);
[6.302s]       |                                             [01;31m[K^~~~~~[m[K
[6.310s] [01m[K/home/jajayu/TomatoHarvesting_NextBestView/nbv_code/ros2_ws2/src/my_robot_nbv_cmake/src/SdfModel.cpp:284:38:[m[K [01;35m[Kwarning: [m[Kunused variable â€˜[01m[Kdist_r[m[Kâ€™ [[01;35m[K]8;;https://gcc.gnu.org/onlinedocs/gcc/Warning-Options.html#index-Wunused-variable-Wunused-variable]8;;[m[K]
[6.310s]   284 |     std::uniform_real_distribution<> [01;35m[Kdist_r[m[K(radius, radius);
[6.310s]       |                                      [01;35m[K^~~~~~[m[K
[8.823s] gmake[2]: *** [CMakeFiles/SdfModel.dir/build.make:76: CMakeFiles/SdfModel.dir/src/SdfModel.cpp.o] Error 1
[8.824s] gmake[1]: *** [CMakeFiles/Makefile2:165: CMakeFiles/SdfModel.dir/all] Error 2
[8.824s] gmake: *** [Makefile:146: all] Error 2
[8.840s] Invoked command in '/home/jajayu/TomatoHarvesting_NextBestView/nbv_code/ros2_ws2/build/my_robot_nbv_cmake' returned '2': CMAKE_PREFIX_PATH=${CMAKE_PREFIX_PATH}:/home/jajayu/TomatoHarvesting_NextBestView/nbv_code/ros2_ws2/install/my_robot_nbv:/home/jajayu/TomatoHarvesting_NextBestView/nbv_code/ros2_ws2/install/my_robot_cam:/home/jajayu/ros2_ws/install/webots_ros2_tests:/home/jajayu/ros2_ws/install/webots_ros2:/home/jajayu/ros2_ws/install/pcd_demo:/home/jajayu/ros2_ws/install/my_robot_controller:/home/jajayu/ros2_ws/install/my_robot_cam:/home/jajayu/ros2_ws/install/gazebo_tutorial:/opt/ros/humble /home/jajayu/.local/bin/cmake --build /home/jajayu/TomatoHarvesting_NextBestView/nbv_code/ros2_ws2/build/my_robot_nbv_cmake -- -j8 -l8
