[01m[K/home/jajayu/TomatoHarvesting_NextBestView/nbv_code/ros2_ws2/src/my_robot_nbv_cmake/src/nbvc_ray_generation.cpp:[m[K In member function â€˜[01m[Kvoid MyNode::publish_multiple_rays_and_directions(const point3d&, std::vector<octomath::Vector3>&, std::vector<octomath::Vector3>&)[m[Kâ€™:
[01m[K/home/jajayu/TomatoHarvesting_NextBestView/nbv_code/ros2_ws2/src/my_robot_nbv_cmake/src/nbvc_ray_generation.cpp:232:33:[m[K [01;31m[Kerror: [m[Kâ€˜[01m[KdirectionsV[m[Kâ€™ was not declared in this scope; did you mean â€˜[01m[Kdirections[m[Kâ€™?
  232 |             for (const auto& b :[01;31m[KdirectionsV[m[K){
      |                                 [01;31m[K^~~~~~~~~~~[m[K
      |                                 [32m[Kdirections[m[K
gmake[2]: *** [CMakeFiles/nbvc_ray_generation.dir/build.make:76: CMakeFiles/nbvc_ray_generation.dir/src/nbvc_ray_generation.cpp.o] Error 1
gmake[1]: *** [CMakeFiles/Makefile2:139: CMakeFiles/nbvc_ray_generation.dir/all] Error 2
gmake: *** [Makefile:146: all] Error 2
