[01m[K/home/jajayu/TomatoHarvesting_NextBestView/nbv_code/ros2_ws2/src/my_robot_nbv_cmake/src/nbvc_ray_generation.cpp:[m[K In member function â€˜[01m[Kvoid MyNode::publish_any_ray_marker(const point3d&, std::vector<octomath::Vector3>&)[m[Kâ€™:
[01m[K/home/jajayu/TomatoHarvesting_NextBestView/nbv_code/ros2_ws2/src/my_robot_nbv_cmake/src/nbvc_ray_generation.cpp:432:17:[m[K [01;31m[Kerror: [m[Kâ€˜[01m[Kray_marker[m[Kâ€™ was not declared in this scope; did you mean â€˜[01m[Kany_ray_marker[m[Kâ€™?
  432 |                 [01;31m[Kray_marker[m[K.points.push_back(p_origin);
      |                 [01;31m[K^~~~~~~~~~[m[K
      |                 [32m[Kany_ray_marker[m[K
gmake[2]: *** [CMakeFiles/nbvc_ray_generation.dir/build.make:76: CMakeFiles/nbvc_ray_generation.dir/src/nbvc_ray_generation.cpp.o] Error 1
gmake[1]: *** [CMakeFiles/Makefile2:143: CMakeFiles/nbvc_ray_generation.dir/all] Error 2
gmake: *** [Makefile:146: all] Error 2
