[35m[1mConsolidate compiler generated dependencies of target SdfModel[0m
[ 50%] Built target nbvc_ray_generation
[ 75%] [32mBuilding CXX object CMakeFiles/SdfModel.dir/src/SdfModel.cpp.o[0m
[01m[K/home/jajayu/TomatoHarvesting_NextBestView/nbv_code/ros2_ws2/src/my_robot_nbv_cmake/src/SdfModel.cpp:125:39:[m[K [01;31m[Kerror: [m[Kredeclaration of â€˜[01m[Kopen3d::t::geometry::TriangleMesh MeshProcessor::mesh_[m[Kâ€™
  125 |     open3d::t::geometry::TriangleMesh [01;31m[Kmesh_[m[K;
      |                                       [01;31m[K^~~~~[m[K
[01m[K/home/jajayu/TomatoHarvesting_NextBestView/nbv_code/ros2_ws2/src/my_robot_nbv_cmake/src/SdfModel.cpp:124:53:[m[K [01;36m[Knote: [m[Kprevious declaration â€˜[01m[Kstd::shared_ptr<open3d::geometry::TriangleMesh> MeshProcessor::mesh_[m[Kâ€™
  124 |     std::shared_ptr<open3d::geometry::TriangleMesh> [01;36m[Kmesh_[m[K;
      |                                                     [01;36m[K^~~~~[m[K
gmake[2]: *** [CMakeFiles/SdfModel.dir/build.make:76: CMakeFiles/SdfModel.dir/src/SdfModel.cpp.o] Error 1
gmake[1]: *** [CMakeFiles/Makefile2:165: CMakeFiles/SdfModel.dir/all] Error 2
gmake: *** [Makefile:146: all] Error 2
