[0.014s] Invoking command in '/home/jajayu/TomatoHarvesting_NextBestView/nbv_code/ros2_ws2/build/my_robot_nbv_cmake': CMAKE_PREFIX_PATH=${CMAKE_PREFIX_PATH}:/home/jajayu/TomatoHarvesting_NextBestView/nbv_code/ros2_ws2/install/my_robot_nbv:/home/jajayu/TomatoHarvesting_NextBestView/nbv_code/ros2_ws2/install/my_robot_cam:/home/jajayu/ros2_ws/install/webots_ros2_tests:/home/jajayu/ros2_ws/install/webots_ros2:/home/jajayu/ros2_ws/install/pcd_demo:/home/jajayu/ros2_ws/install/my_robot_controller:/home/jajayu/ros2_ws/install/my_robot_cam:/home/jajayu/ros2_ws/install/gazebo_tutorial:/opt/ros/humble /home/jajayu/.local/bin/cmake --build /home/jajayu/TomatoHarvesting_NextBestView/nbv_code/ros2_ws2/build/my_robot_nbv_cmake -- -j8 -l8
[0.160s] [35m[1mConsolidate compiler generated dependencies of target SdfModel[0m
[0.174s] [ 50%] Built target nbvc_ray_generation
[0.180s] [ 75%] [32mBuilding CXX object CMakeFiles/SdfModel.dir/src/SdfModel.cpp.o[0m
[6.054s] [01m[K/home/jajayu/TomatoHarvesting_NextBestView/nbv_code/ros2_ws2/src/my_robot_nbv_cmake/src/SdfModel.cpp:[m[K In member function â€˜[01m[Kvoid MeshProcessor::LoadMesh()[m[Kâ€™:
[6.055s] [01m[K/home/jajayu/TomatoHarvesting_NextBestView/nbv_code/ros2_ws2/src/my_robot_nbv_cmake/src/SdfModel.cpp:43:69:[m[K [01;31m[Kerror: [m[Kâ€˜[01m[Kmesh0[m[Kâ€™ was not declared in this scope; did you mean â€˜[01m[Kmesh0_[m[Kâ€™?
[6.055s]    43 |         mesh_ = std::make_shared<open3d::t::geometry::TriangleMesh>([01;31m[Kmesh0[m[K);
[6.055s]       |                                                                     [01;31m[K^~~~~[m[K
[6.055s]       |                                                                     [32m[Kmesh0_[m[K
[6.055s] [01m[K/home/jajayu/TomatoHarvesting_NextBestView/nbv_code/ros2_ws2/src/my_robot_nbv_cmake/src/SdfModel.cpp:44:30:[m[K [01;31m[Kerror: [m[Kâ€˜[01m[Kusing element_type = class open3d::t::geometry::TriangleMesh[m[Kâ€™ {aka â€˜[01m[Kclass open3d::t::geometry::TriangleMesh[m[Kâ€™} has no member named â€˜[01m[Kvertices_[m[Kâ€™
[6.055s]    44 |         if (mesh_ && !mesh_->[01;31m[Kvertices_[m[K.empty()) {  // Check if the point cloud is not empty
[6.055s]       |                              [01;31m[K^~~~~~~~~[m[K
[7.821s] gmake[2]: *** [CMakeFiles/SdfModel.dir/build.make:76: CMakeFiles/SdfModel.dir/src/SdfModel.cpp.o] Error 1
[7.822s] gmake[1]: *** [CMakeFiles/Makefile2:165: CMakeFiles/SdfModel.dir/all] Error 2
[7.822s] gmake: *** [Makefile:146: all] Error 2
[7.836s] Invoked command in '/home/jajayu/TomatoHarvesting_NextBestView/nbv_code/ros2_ws2/build/my_robot_nbv_cmake' returned '2': CMAKE_PREFIX_PATH=${CMAKE_PREFIX_PATH}:/home/jajayu/TomatoHarvesting_NextBestView/nbv_code/ros2_ws2/install/my_robot_nbv:/home/jajayu/TomatoHarvesting_NextBestView/nbv_code/ros2_ws2/install/my_robot_cam:/home/jajayu/ros2_ws/install/webots_ros2_tests:/home/jajayu/ros2_ws/install/webots_ros2:/home/jajayu/ros2_ws/install/pcd_demo:/home/jajayu/ros2_ws/install/my_robot_controller:/home/jajayu/ros2_ws/install/my_robot_cam:/home/jajayu/ros2_ws/install/gazebo_tutorial:/opt/ros/humble /home/jajayu/.local/bin/cmake --build /home/jajayu/TomatoHarvesting_NextBestView/nbv_code/ros2_ws2/build/my_robot_nbv_cmake -- -j8 -l8
