[01m[K/home/jajayu/TomatoHarvesting_NextBestView/nbv_code/ros2_ws2/src/my_robot_nbv_cmake/src/SdfModel.cpp:[m[K In member function â€˜[01m[Kvoid SdfModel::LoadMesh()[m[Kâ€™:
[01m[K/home/jajayu/TomatoHarvesting_NextBestView/nbv_code/ros2_ws2/src/my_robot_nbv_cmake/src/SdfModel.cpp:46:9:[m[K [01;31m[Kerror: [m[Kâ€˜[01m[Kradii[m[Kâ€™ was not declared in this scope
   46 |         [01;31m[Kradii[m[K = [0.005, 0.01, 0.02, 0.04]
      |         [01;31m[K^~~~~[m[K
[01m[K/home/jajayu/TomatoHarvesting_NextBestView/nbv_code/ros2_ws2/src/my_robot_nbv_cmake/src/SdfModel.cpp:46:18:[m[K [01;31m[Kerror: [m[Kexpected identifier before numeric constant
   46 |         radii = [[01;31m[K0.005[m[K, 0.01, 0.02, 0.04]
      |                  [01;31m[K^~~~~[m[K
[01m[K/home/jajayu/TomatoHarvesting_NextBestView/nbv_code/ros2_ws2/src/my_robot_nbv_cmake/src/SdfModel.cpp:46:23:[m[K [01;31m[Kerror: [m[Kexpected â€˜[01m[K][m[Kâ€™ before â€˜[01m[K,[m[Kâ€™ token
   46 |         radii = [0.005[01;31m[K,[m[K 0.01, 0.02, 0.04]
      |                       [01;31m[K^[m[K
[01m[K/home/jajayu/TomatoHarvesting_NextBestView/nbv_code/ros2_ws2/src/my_robot_nbv_cmake/src/SdfModel.cpp:[m[K In lambda function:
[01m[K/home/jajayu/TomatoHarvesting_NextBestView/nbv_code/ros2_ws2/src/my_robot_nbv_cmake/src/SdfModel.cpp:46:23:[m[K [01;31m[Kerror: [m[Kexpected â€˜[01m[K{[m[Kâ€™ before â€˜[01m[K,[m[Kâ€™ token
gmake[2]: *** [CMakeFiles/SdfModel.dir/build.make:76: CMakeFiles/SdfModel.dir/src/SdfModel.cpp.o] Error 1
gmake[1]: *** [CMakeFiles/Makefile2:165: CMakeFiles/SdfModel.dir/all] Error 2
gmake: *** [Makefile:146: all] Error 2
