[0.015s] Invoking command in '/home/jajayu/TomatoHarvesting_NextBestView/nbv_code/ros2_ws2/build/my_robot_nbv_cmake': CMAKE_PREFIX_PATH=${CMAKE_PREFIX_PATH}:/home/jajayu/TomatoHarvesting_NextBestView/nbv_code/ros2_ws2/install/my_robot_nbv:/home/jajayu/TomatoHarvesting_NextBestView/nbv_code/ros2_ws2/install/my_robot_cam:/home/jajayu/ros2_ws/install/webots_ros2_tests:/home/jajayu/ros2_ws/install/webots_ros2:/home/jajayu/ros2_ws/install/pcd_demo:/home/jajayu/ros2_ws/install/my_robot_controller:/home/jajayu/ros2_ws/install/my_robot_cam:/home/jajayu/ros2_ws/install/gazebo_tutorial:/opt/ros/humble /home/jajayu/.local/bin/cmake --build /home/jajayu/TomatoHarvesting_NextBestView/nbv_code/ros2_ws2/build/my_robot_nbv_cmake -- -j8 -l8
[0.154s] [35m[1mConsolidate compiler generated dependencies of target SdfModel[0m
[0.168s] [ 50%] Built target nbvc_ray_generation
[0.174s] [ 75%] [32mBuilding CXX object CMakeFiles/SdfModel.dir/src/SdfModel.cpp.o[0m
[6.198s] [01m[K/home/jajayu/TomatoHarvesting_NextBestView/nbv_code/ros2_ws2/src/my_robot_nbv_cmake/src/SdfModel.cpp:[m[K In member function â€˜[01m[Kvoid MeshProcessor::LoadMesh()[m[Kâ€™:
[6.198s] [01m[K/home/jajayu/TomatoHarvesting_NextBestView/nbv_code/ros2_ws2/src/my_robot_nbv_cmake/src/SdfModel.cpp:42:35:[m[K [01;31m[Kerror: [m[Kâ€˜[01m[Kgeometry[m[Kâ€™ was not declared in this scope
[6.198s]    42 |         mesh0_ = std::shared_ptr< [01;31m[Kgeometry[m[K::TriangleMesh > open3d::io::CreateMeshFromFile(ply_file_path_);
[6.198s]       |                                   [01;31m[K^~~~~~~~[m[K
[6.198s] [01m[K/home/jajayu/TomatoHarvesting_NextBestView/nbv_code/ros2_ws2/src/my_robot_nbv_cmake/src/SdfModel.cpp:42:35:[m[K [01;36m[Knote: [m[Ksuggested alternatives:
[6.198s] In file included from [01m[K/home/jajayu/open3d_install/include/open3d/geometry/Geometry3D.h:14[m[K,
[6.198s]                  from [01m[K/home/jajayu/open3d_install/include/open3d/geometry/BoundingVolume.h:12[m[K,
[6.199s]                  from [01m[K/home/jajayu/open3d_install/include/open3d/Open3D.h:31[m[K,
[6.199s]                  from [01m[K/home/jajayu/TomatoHarvesting_NextBestView/nbv_code/ros2_ws2/src/my_robot_nbv_cmake/src/SdfModel.cpp:1[m[K:
[6.199s] [01m[K/home/jajayu/open3d_install/include/open3d/geometry/Geometry.h:13:11:[m[K [01;36m[Knote: [m[K  â€˜[01m[Kopen3d::geometry[m[Kâ€™
[6.199s]    13 | namespace [01;36m[Kgeometry[m[K {
[6.199s]       |           [01;36m[K^~~~~~~~[m[K
[6.199s] In file included from [01m[K/home/jajayu/open3d_install/include/open3d/Open3D.h:68[m[K,
[6.199s]                  from [01m[K/home/jajayu/TomatoHarvesting_NextBestView/nbv_code/ros2_ws2/src/my_robot_nbv_cmake/src/SdfModel.cpp:1[m[K:
[6.199s] [01m[K/home/jajayu/open3d_install/include/open3d/t/geometry/Geometry.h:16:11:[m[K [01;36m[Knote: [m[K  â€˜[01m[Kopen3d::t::geometry[m[Kâ€™
[6.199s]    16 | namespace [01;36m[Kgeometry[m[K {
[6.199s]       |           [01;36m[K^~~~~~~~[m[K
[6.199s] [01m[K/home/jajayu/TomatoHarvesting_NextBestView/nbv_code/ros2_ws2/src/my_robot_nbv_cmake/src/SdfModel.cpp:42:58:[m[K [01;31m[Kerror: [m[Ktemplate argument 1 is invalid
[6.199s]    42 |         mesh0_ = std::shared_ptr< geometry::TriangleMesh [01;31m[K>[m[K open3d::io::CreateMeshFromFile(ply_file_path_);
[6.199s]       |                                                          [01;31m[K^[m[K
[6.200s] [01m[K/home/jajayu/TomatoHarvesting_NextBestView/nbv_code/ros2_ws2/src/my_robot_nbv_cmake/src/SdfModel.cpp:46:32:[m[K [01;31m[Kerror: [m[Kâ€˜[01m[Kusing element_type = class open3d::geometry::TriangleMesh[m[Kâ€™ {aka â€˜[01m[Kclass open3d::geometry::TriangleMesh[m[Kâ€™} has no member named â€˜[01m[Kis_empty[m[Kâ€™; did you mean â€˜[01m[KIsEmpty[m[Kâ€™?
[6.200s]    46 |         if (mesh0_ && !mesh0_->[01;31m[Kis_empty[m[K()) {  // Check if the point cloud is not empty
[6.200s]       |                                [01;31m[K^~~~~~~~[m[K
[6.200s]       |                                [32m[KIsEmpty[m[K
[7.773s] gmake[2]: *** [CMakeFiles/SdfModel.dir/build.make:76: CMakeFiles/SdfModel.dir/src/SdfModel.cpp.o] Error 1
[7.773s] gmake[1]: *** [CMakeFiles/Makefile2:165: CMakeFiles/SdfModel.dir/all] Error 2
[7.773s] gmake: *** [Makefile:146: all] Error 2
[7.790s] Invoked command in '/home/jajayu/TomatoHarvesting_NextBestView/nbv_code/ros2_ws2/build/my_robot_nbv_cmake' returned '2': CMAKE_PREFIX_PATH=${CMAKE_PREFIX_PATH}:/home/jajayu/TomatoHarvesting_NextBestView/nbv_code/ros2_ws2/install/my_robot_nbv:/home/jajayu/TomatoHarvesting_NextBestView/nbv_code/ros2_ws2/install/my_robot_cam:/home/jajayu/ros2_ws/install/webots_ros2_tests:/home/jajayu/ros2_ws/install/webots_ros2:/home/jajayu/ros2_ws/install/pcd_demo:/home/jajayu/ros2_ws/install/my_robot_controller:/home/jajayu/ros2_ws/install/my_robot_cam:/home/jajayu/ros2_ws/install/gazebo_tutorial:/opt/ros/humble /home/jajayu/.local/bin/cmake --build /home/jajayu/TomatoHarvesting_NextBestView/nbv_code/ros2_ws2/build/my_robot_nbv_cmake -- -j8 -l8
