[35m[1mConsolidate compiler generated dependencies of target SdfModel[0m
[ 50%] Built target nbvc_ray_generation
[ 75%] [32mBuilding CXX object CMakeFiles/SdfModel.dir/src/SdfModel.cpp.o[0m
[01m[K/home/jajayu/TomatoHarvesting_NextBestView/nbv_code/ros2_ws2/src/my_robot_nbv_cmake/src/SdfModel.cpp:[m[K In member function â€˜[01m[Kvoid MeshProcessor::LoadMesh()[m[Kâ€™:
[01m[K/home/jajayu/TomatoHarvesting_NextBestView/nbv_code/ros2_ws2/src/my_robot_nbv_cmake/src/SdfModel.cpp:43:69:[m[K [01;31m[Kerror: [m[Kâ€˜[01m[Kmesh0[m[Kâ€™ was not declared in this scope; did you mean â€˜[01m[Kmesh0_[m[Kâ€™?
   43 |         mesh_ = std::make_shared<open3d::t::geometry::TriangleMesh>([01;31m[Kmesh0[m[K);
      |                                                                     [01;31m[K^~~~~[m[K
      |                                                                     [32m[Kmesh0_[m[K
[01m[K/home/jajayu/TomatoHarvesting_NextBestView/nbv_code/ros2_ws2/src/my_robot_nbv_cmake/src/SdfModel.cpp:44:30:[m[K [01;31m[Kerror: [m[Kâ€˜[01m[Kusing element_type = class open3d::t::geometry::TriangleMesh[m[Kâ€™ {aka â€˜[01m[Kclass open3d::t::geometry::TriangleMesh[m[Kâ€™} has no member named â€˜[01m[Kis_empty[m[Kâ€™; did you mean â€˜[01m[KIsEmpty[m[Kâ€™?
   44 |         if (mesh_ && !mesh_->[01;31m[Kis_empty[m[K()) {  // Check if the point cloud is not empty
      |                              [01;31m[K^~~~~~~~[m[K
      |                              [32m[KIsEmpty[m[K
gmake[2]: *** [CMakeFiles/SdfModel.dir/build.make:76: CMakeFiles/SdfModel.dir/src/SdfModel.cpp.o] Error 1
gmake[1]: *** [CMakeFiles/Makefile2:165: CMakeFiles/SdfModel.dir/all] Error 2
gmake: *** [Makefile:146: all] Error 2
