[01m[K/home/jajayu/TomatoHarvesting_NextBestView/nbv_code/ros2_ws2/src/my_robot_nbv_cmake/src/SdfModel.cpp:[m[K In member function â€˜[01m[Kvoid SdfModel::ComputeSDF(std::vector<Eigen::Matrix<float, 3, 1> >)[m[Kâ€™:
[01m[K/home/jajayu/TomatoHarvesting_NextBestView/nbv_code/ros2_ws2/src/my_robot_nbv_cmake/src/SdfModel.cpp:140:36:[m[K [01;31m[Kerror: [m[Kâ€˜[01m[Kpoint_q[m[Kâ€™ was not declared in this scope; did you mean â€˜[01m[Kpoints_[m[Kâ€™?
  140 |         std::cout << "Point: (" << [01;31m[Kpoint_q[m[K.x() << ", " << point_q.y() << ", " << point_q.z() << ")" << std::endl;
      |                                    [01;31m[K^~~~~~~[m[K
      |                                    [32m[Kpoints_[m[K
gmake[2]: *** [CMakeFiles/SdfModel.dir/build.make:76: CMakeFiles/SdfModel.dir/src/SdfModel.cpp.o] Error 1
gmake[1]: *** [CMakeFiles/Makefile2:165: CMakeFiles/SdfModel.dir/all] Error 2
gmake: *** [Makefile:146: all] Error 2
