[0.012s] Invoking command in '/home/jajayu/TomatoHarvesting_NextBestView/nbv_code/ros2_ws2/build/my_robot_nbv_cmake': CMAKE_PREFIX_PATH=${CMAKE_PREFIX_PATH}:/home/jajayu/TomatoHarvesting_NextBestView/nbv_code/ros2_ws2/install/my_robot_nbv:/home/jajayu/TomatoHarvesting_NextBestView/nbv_code/ros2_ws2/install/my_robot_cam:/home/jajayu/ros2_ws/install/webots_ros2_tests:/home/jajayu/ros2_ws/install/webots_ros2:/home/jajayu/ros2_ws/install/pcd_demo:/home/jajayu/ros2_ws/install/my_robot_controller:/home/jajayu/ros2_ws/install/my_robot_cam:/home/jajayu/ros2_ws/install/gazebo_tutorial:/opt/ros/humble /home/jajayu/.local/bin/cmake --build /home/jajayu/TomatoHarvesting_NextBestView/nbv_code/ros2_ws2/build/my_robot_nbv_cmake -- -j8 -l8
[0.161s] [35m[1mConsolidate compiler generated dependencies of target SdfModel[0m
[0.175s] [ 50%] Built target nbvc_ray_generation
[0.182s] [ 75%] [32mBuilding CXX object CMakeFiles/SdfModel.dir/src/SdfModel.cpp.o[0m
[6.224s] [01m[K/home/jajayu/TomatoHarvesting_NextBestView/nbv_code/ros2_ws2/src/my_robot_nbv_cmake/src/SdfModel.cpp:125:39:[m[K [01;31m[Kerror: [m[Kredeclaration of â€˜[01m[Kopen3d::t::geometry::TriangleMesh MeshProcessor::mesh_[m[Kâ€™
[6.224s]   125 |     open3d::t::geometry::TriangleMesh [01;31m[Kmesh_[m[K;
[6.224s]       |                                       [01;31m[K^~~~~[m[K
[6.224s] [01m[K/home/jajayu/TomatoHarvesting_NextBestView/nbv_code/ros2_ws2/src/my_robot_nbv_cmake/src/SdfModel.cpp:124:53:[m[K [01;36m[Knote: [m[Kprevious declaration â€˜[01m[Kstd::shared_ptr<open3d::geometry::TriangleMesh> MeshProcessor::mesh_[m[Kâ€™
[6.224s]   124 |     std::shared_ptr<open3d::geometry::TriangleMesh> [01;36m[Kmesh_[m[K;
[6.224s]       |                                                     [01;36m[K^~~~~[m[K
[6.229s] [01m[K/home/jajayu/TomatoHarvesting_NextBestView/nbv_code/ros2_ws2/src/my_robot_nbv_cmake/src/SdfModel.cpp:[m[K In member function â€˜[01m[Kvoid MeshProcessor::LoadMesh()[m[Kâ€™:
[6.229s] [01m[K/home/jajayu/TomatoHarvesting_NextBestView/nbv_code/ros2_ws2/src/my_robot_nbv_cmake/src/SdfModel.cpp:42:70:[m[K [01;31m[Kerror: [m[Kno match for â€˜[01m[Koperator=[m[Kâ€™ (operand types are â€˜[01m[Kstd::shared_ptr<open3d::geometry::TriangleMesh>[m[Kâ€™ and â€˜[01m[Kopen3d::t::geometry::TriangleMesh[m[Kâ€™)
[6.230s]    42 |         mesh_ = open3d::t::geometry::TriangleMesh::FromLegacy(*mesh0_[01;31m[K)[m[K;
[6.230s]       |                                                                      [01;31m[K^[m[K
[6.230s] In file included from [01m[K/usr/include/c++/11/memory:77[m[K,
[6.230s]                  from [01m[K/home/jajayu/open3d_install/include/open3d/3rdparty/fmt/format.h:41[m[K,
[6.230s]                  from [01m[K/home/jajayu/open3d_install/include/open3d/utility/IJsonConvertible.h:10[m[K,
[6.230s]                  from [01m[K/home/jajayu/open3d_install/include/open3d/camera/PinholeCameraIntrinsic.h:12[m[K,
[6.230s]                  from [01m[K/home/jajayu/open3d_install/include/open3d/Open3D.h:12[m[K,
[6.230s]                  from [01m[K/home/jajayu/TomatoHarvesting_NextBestView/nbv_code/ros2_ws2/src/my_robot_nbv_cmake/src/SdfModel.cpp:1[m[K:
[6.230s] [01m[K/usr/include/c++/11/bits/shared_ptr.h:363:9:[m[K [01;36m[Knote: [m[Kcandidate: â€˜[01m[Ktemplate<class _Yp> std::shared_ptr<_Tp>::_Assignable<const std::shared_ptr<_Yp>&> std::shared_ptr<_Tp>::operator=(const std::shared_ptr<_Yp>&) [with _Yp = _Yp; _Tp = open3d::geometry::TriangleMesh][m[Kâ€™
[6.230s]   363 |         [01;36m[Koperator[m[K=(const shared_ptr<_Yp>& __r) noexcept
[6.230s]       |         [01;36m[K^~~~~~~~[m[K
[6.231s] [01m[K/usr/include/c++/11/bits/shared_ptr.h:363:9:[m[K [01;36m[Knote: [m[K  template argument deduction/substitution failed:
[6.231s] [01m[K/home/jajayu/TomatoHarvesting_NextBestView/nbv_code/ros2_ws2/src/my_robot_nbv_cmake/src/SdfModel.cpp:42:70:[m[K [01;36m[Knote: [m[K  â€˜[01m[Kopen3d::t::geometry::TriangleMesh[m[Kâ€™ is not derived from â€˜[01m[Kconst std::shared_ptr<_Tp>[m[Kâ€™
[6.231s]    42 |         mesh_ = open3d::t::geometry::TriangleMesh::FromLegacy(*mesh0_[01;36m[K)[m[K;
[6.231s]       |                                                                      [01;36m[K^[m[K
[6.231s] In file included from [01m[K/usr/include/c++/11/memory:77[m[K,
[6.231s]                  from [01m[K/home/jajayu/open3d_install/include/open3d/3rdparty/fmt/format.h:41[m[K,
[6.231s]                  from [01m[K/home/jajayu/open3d_install/include/open3d/utility/IJsonConvertible.h:10[m[K,
[6.231s]                  from [01m[K/home/jajayu/open3d_install/include/open3d/camera/PinholeCameraIntrinsic.h:12[m[K,
[6.231s]                  from [01m[K/home/jajayu/open3d_install/include/open3d/Open3D.h:12[m[K,
[6.231s]                  from [01m[K/home/jajayu/TomatoHarvesting_NextBestView/nbv_code/ros2_ws2/src/my_robot_nbv_cmake/src/SdfModel.cpp:1[m[K:
[6.231s] [01m[K/usr/include/c++/11/bits/shared_ptr.h:374:9:[m[K [01;36m[Knote: [m[Kcandidate: â€˜[01m[Ktemplate<class _Yp> std::shared_ptr<_Tp>::_Assignable<std::auto_ptr<_Up> > std::shared_ptr<_Tp>::operator=(std::auto_ptr<_Up>&&) [with _Yp = _Yp; _Tp = open3d::geometry::TriangleMesh][m[Kâ€™
[6.231s]   374 |         [01;36m[Koperator[m[K=(auto_ptr<_Yp>&& __r)
[6.231s]       |         [01;36m[K^~~~~~~~[m[K
[6.231s] [01m[K/usr/include/c++/11/bits/shared_ptr.h:374:9:[m[K [01;36m[Knote: [m[K  template argument deduction/substitution failed:
[6.232s] [01m[K/home/jajayu/TomatoHarvesting_NextBestView/nbv_code/ros2_ws2/src/my_robot_nbv_cmake/src/SdfModel.cpp:42:70:[m[K [01;36m[Knote: [m[K  â€˜[01m[Kopen3d::t::geometry::TriangleMesh[m[Kâ€™ is not derived from â€˜[01m[Kstd::auto_ptr<_Up>[m[Kâ€™
[6.232s]    42 |         mesh_ = open3d::t::geometry::TriangleMesh::FromLegacy(*mesh0_[01;36m[K)[m[K;
[6.232s]       |                                                                      [01;36m[K^[m[K
[6.232s] In file included from [01m[K/usr/include/c++/11/memory:77[m[K,
[6.232s]                  from [01m[K/home/jajayu/open3d_install/include/open3d/3rdparty/fmt/format.h:41[m[K,
[6.232s]                  from [01m[K/home/jajayu/open3d_install/include/open3d/utility/IJsonConvertible.h:10[m[K,
[6.232s]                  from [01m[K/home/jajayu/open3d_install/include/open3d/camera/PinholeCameraIntrinsic.h:12[m[K,
[6.232s]                  from [01m[K/home/jajayu/open3d_install/include/open3d/Open3D.h:12[m[K,
[6.232s]                  from [01m[K/home/jajayu/TomatoHarvesting_NextBestView/nbv_code/ros2_ws2/src/my_robot_nbv_cmake/src/SdfModel.cpp:1[m[K:
[6.232s] [01m[K/usr/include/c++/11/bits/shared_ptr.h:391:9:[m[K [01;36m[Knote: [m[Kcandidate: â€˜[01m[Ktemplate<class _Yp> std::shared_ptr<_Tp>::_Assignable<std::shared_ptr<_Yp> > std::shared_ptr<_Tp>::operator=(std::shared_ptr<_Yp>&&) [with _Yp = _Yp; _Tp = open3d::geometry::TriangleMesh][m[Kâ€™
[6.232s]   391 |         [01;36m[Koperator[m[K=(shared_ptr<_Yp>&& __r) noexcept
[6.232s]       |         [01;36m[K^~~~~~~~[m[K
[6.232s] [01m[K/usr/include/c++/11/bits/shared_ptr.h:391:9:[m[K [01;36m[Knote: [m[K  template argument deduction/substitution failed:
[6.232s] [01m[K/home/jajayu/TomatoHarvesting_NextBestView/nbv_code/ros2_ws2/src/my_robot_nbv_cmake/src/SdfModel.cpp:42:70:[m[K [01;36m[Knote: [m[K  â€˜[01m[Kopen3d::t::geometry::TriangleMesh[m[Kâ€™ is not derived from â€˜[01m[Kstd::shared_ptr<_Tp>[m[Kâ€™
[6.232s]    42 |         mesh_ = open3d::t::geometry::TriangleMesh::FromLegacy(*mesh0_[01;36m[K)[m[K;
[6.232s]       |                                                                      [01;36m[K^[m[K
[6.233s] In file included from [01m[K/usr/include/c++/11/memory:77[m[K,
[6.233s]                  from [01m[K/home/jajayu/open3d_install/include/open3d/3rdparty/fmt/format.h:41[m[K,
[6.233s]                  from [01m[K/home/jajayu/open3d_install/include/open3d/utility/IJsonConvertible.h:10[m[K,
[6.233s]                  from [01m[K/home/jajayu/open3d_install/include/open3d/camera/PinholeCameraIntrinsic.h:12[m[K,
[6.233s]                  from [01m[K/home/jajayu/open3d_install/include/open3d/Open3D.h:12[m[K,
[6.233s]                  from [01m[K/home/jajayu/TomatoHarvesting_NextBestView/nbv_code/ros2_ws2/src/my_robot_nbv_cmake/src/SdfModel.cpp:1[m[K:
[6.233s] [01m[K/usr/include/c++/11/bits/shared_ptr.h:399:9:[m[K [01;36m[Knote: [m[Kcandidate: â€˜[01m[Ktemplate<class _Yp, class _Del> std::shared_ptr<_Tp>::_Assignable<std::unique_ptr<_Up, _Ep> > std::shared_ptr<_Tp>::operator=(std::unique_ptr<_Up, _Ep>&&) [with _Yp = _Yp; _Del = _Del; _Tp = open3d::geometry::TriangleMesh][m[Kâ€™
[6.233s]   399 |         [01;36m[Koperator[m[K=(unique_ptr<_Yp, _Del>&& __r)
[6.233s]       |         [01;36m[K^~~~~~~~[m[K
[6.233s] [01m[K/usr/include/c++/11/bits/shared_ptr.h:399:9:[m[K [01;36m[Knote: [m[K  template argument deduction/substitution failed:
[6.233s] [01m[K/home/jajayu/TomatoHarvesting_NextBestView/nbv_code/ros2_ws2/src/my_robot_nbv_cmake/src/SdfModel.cpp:42:70:[m[K [01;36m[Knote: [m[K  â€˜[01m[Kopen3d::t::geometry::TriangleMesh[m[Kâ€™ is not derived from â€˜[01m[Kstd::unique_ptr<_Tp, _Dp>[m[Kâ€™
[6.233s]    42 |         mesh_ = open3d::t::geometry::TriangleMesh::FromLegacy(*mesh0_[01;36m[K)[m[K;
[6.233s]       |                                                                      [01;36m[K^[m[K
[6.233s] In file included from [01m[K/usr/include/c++/11/memory:77[m[K,
[6.233s]                  from [01m[K/home/jajayu/open3d_install/include/open3d/3rdparty/fmt/format.h:41[m[K,
[6.233s]                  from [01m[K/home/jajayu/open3d_install/include/open3d/utility/IJsonConvertible.h:10[m[K,
[6.233s]                  from [01m[K/home/jajayu/open3d_install/include/open3d/camera/PinholeCameraIntrinsic.h:12[m[K,
[6.233s]                  from [01m[K/home/jajayu/open3d_install/include/open3d/Open3D.h:12[m[K,
[6.234s]                  from [01m[K/home/jajayu/TomatoHarvesting_NextBestView/nbv_code/ros2_ws2/src/my_robot_nbv_cmake/src/SdfModel.cpp:1[m[K:
[6.234s] [01m[K/usr/include/c++/11/bits/shared_ptr.h:359:19:[m[K [01;36m[Knote: [m[Kcandidate: â€˜[01m[Kstd::shared_ptr<_Tp>& std::shared_ptr<_Tp>::operator=(const std::shared_ptr<_Tp>&) [with _Tp = open3d::geometry::TriangleMesh][m[Kâ€™
[6.234s]   359 |       shared_ptr& [01;36m[Koperator[m[K=(const shared_ptr&) noexcept = default;
[6.234s]       |                   [01;36m[K^~~~~~~~[m[K
[6.234s] [01m[K/usr/include/c++/11/bits/shared_ptr.h:359:29:[m[K [01;36m[Knote: [m[K  no known conversion for argument 1 from â€˜[01m[Kopen3d::t::geometry::TriangleMesh[m[Kâ€™ to â€˜[01m[Kconst std::shared_ptr<open3d::geometry::TriangleMesh>&[m[Kâ€™
[6.234s]   359 |       shared_ptr& operator=([01;36m[Kconst shared_ptr&[m[K) noexcept = default;
[6.234s]       |                             [01;36m[K^~~~~~~~~~~~~~~~~[m[K
[6.234s] [01m[K/usr/include/c++/11/bits/shared_ptr.h:383:7:[m[K [01;36m[Knote: [m[Kcandidate: â€˜[01m[Kstd::shared_ptr<_Tp>& std::shared_ptr<_Tp>::operator=(std::shared_ptr<_Tp>&&) [with _Tp = open3d::geometry::TriangleMesh][m[Kâ€™
[6.234s]   383 |       [01;36m[Koperator[m[K=(shared_ptr&& __r) noexcept
[6.234s]       |       [01;36m[K^~~~~~~~[m[K
[6.235s] [01m[K/usr/include/c++/11/bits/shared_ptr.h:383:30:[m[K [01;36m[Knote: [m[K  no known conversion for argument 1 from â€˜[01m[Kopen3d::t::geometry::TriangleMesh[m[Kâ€™ to â€˜[01m[Kstd::shared_ptr<open3d::geometry::TriangleMesh>&&[m[Kâ€™
[6.235s]   383 |       operator=([01;36m[Kshared_ptr&& __r[m[K) noexcept
[6.235s]       |                 [01;36m[K~~~~~~~~~~~~~^~~[m[K
[8.063s] gmake[2]: *** [CMakeFiles/SdfModel.dir/build.make:76: CMakeFiles/SdfModel.dir/src/SdfModel.cpp.o] Error 1
[8.063s] gmake[1]: *** [CMakeFiles/Makefile2:165: CMakeFiles/SdfModel.dir/all] Error 2
[8.063s] gmake: *** [Makefile:146: all] Error 2
[8.079s] Invoked command in '/home/jajayu/TomatoHarvesting_NextBestView/nbv_code/ros2_ws2/build/my_robot_nbv_cmake' returned '2': CMAKE_PREFIX_PATH=${CMAKE_PREFIX_PATH}:/home/jajayu/TomatoHarvesting_NextBestView/nbv_code/ros2_ws2/install/my_robot_nbv:/home/jajayu/TomatoHarvesting_NextBestView/nbv_code/ros2_ws2/install/my_robot_cam:/home/jajayu/ros2_ws/install/webots_ros2_tests:/home/jajayu/ros2_ws/install/webots_ros2:/home/jajayu/ros2_ws/install/pcd_demo:/home/jajayu/ros2_ws/install/my_robot_controller:/home/jajayu/ros2_ws/install/my_robot_cam:/home/jajayu/ros2_ws/install/gazebo_tutorial:/opt/ros/humble /home/jajayu/.local/bin/cmake --build /home/jajayu/TomatoHarvesting_NextBestView/nbv_code/ros2_ws2/build/my_robot_nbv_cmake -- -j8 -l8
