[01m[K/home/jajayu/TomatoHarvesting_NextBestView/nbv_code/ros2_ws2/src/my_robot_nbv_cmake/src/SdfModel.cpp:[m[K In member function â€˜[01m[Kstd::vector<Eigen::Matrix<float, 3, 1> > SdfModel::ShowOutQueryPoints()[m[Kâ€™:
[01m[K/home/jajayu/TomatoHarvesting_NextBestView/nbv_code/ros2_ws2/src/my_robot_nbv_cmake/src/SdfModel.cpp:183:12:[m[K [01;31m[Kerror: [m[Kâ€˜[01m[Kquery_points_Out[m[Kâ€™ was not declared in this scope; did you mean â€˜[01m[Kquery_points_out[m[Kâ€™?
  183 |     return [01;31m[Kquery_points_Out[m[K;
      |            [01;31m[K^~~~~~~~~~~~~~~~[m[K
      |            [32m[Kquery_points_out[m[K
gmake[2]: *** [CMakeFiles/nbvc_lib_SdfModel.dir/build.make:76: CMakeFiles/nbvc_lib_SdfModel.dir/src/SdfModel.cpp.o] Error 1
gmake[1]: *** [CMakeFiles/Makefile2:221: CMakeFiles/nbvc_lib_SdfModel.dir/all] Error 2
gmake: *** [Makefile:146: all] Error 2
