[ 25%] Built target nbvc_lib_SdfModel
[ 50%] Built target SdfModelV3
[ 75%] Built target nbvc_ray_generationV3_beforeclean
[ 87%] [32mBuilding CXX object CMakeFiles/nbvc_ray_generation.dir/src/nbvc_ray_generation.cpp.o[0m
[01m[K/home/jajayu/TomatoHarvesting_NextBestView/nbv_code/ros2_ws2/src/my_robot_nbv_cmake/src/nbvc_ray_generation.cpp:[m[K In constructor ‚Äò[01m[KMyNode::MyNode()[m[K‚Äô:
[01m[K/home/jajayu/TomatoHarvesting_NextBestView/nbv_code/ros2_ws2/src/my_robot_nbv_cmake/src/nbvc_ray_generation.cpp:51:51:[m[K [01;31m[Kerror: [m[Kclass ‚Äò[01m[KMyNode[m[K‚Äô does not have any field named ‚Äò[01m[Ktf_listener_[m[K‚Äô
   51 |         : Node("nbvc_ray_generation"), count_(0), [01;31m[Ktf_listener_[m[K(tf_buffer_) //nodeÁöÑÂêçÁ®±
      |                                                   [01;31m[K^~~~~~~~~~~~[m[K
[01m[K/home/jajayu/TomatoHarvesting_NextBestView/nbv_code/ros2_ws2/src/my_robot_nbv_cmake/src/nbvc_ray_generation.cpp:51:64:[m[K [01;31m[Kerror: [m[K‚Äò[01m[Ktf_buffer_[m[K‚Äô was not declared in this scope
   51 |         : Node("nbvc_ray_generation"), count_(0), tf_listener_([01;31m[Ktf_buffer_[m[K) //nodeÁöÑÂêçÁ®±
      |                                                                [01;31m[K^~~~~~~~~~[m[K
gmake[2]: *** [CMakeFiles/nbvc_ray_generation.dir/build.make:76: CMakeFiles/nbvc_ray_generation.dir/src/nbvc_ray_generation.cpp.o] Error 1
gmake[1]: *** [CMakeFiles/Makefile2:143: CMakeFiles/nbvc_ray_generation.dir/all] Error 2
gmake: *** [Makefile:146: all] Error 2
