[01m[K/home/jajayu/TomatoHarvesting_NextBestView/nbv_code/ros2_ws2/src/my_robot_nbv_cmake/src/SdfModel.cpp:[m[K In function â€˜[01m[Kint main(int, char**)[m[Kâ€™:
[01m[K/home/jajayu/TomatoHarvesting_NextBestView/nbv_code/ros2_ws2/src/my_robot_nbv_cmake/src/SdfModel.cpp:278:5:[m[K [01;31m[Kerror: [m[Kexpected â€˜[01m[K,[m[Kâ€™ or â€˜[01m[K;[m[Kâ€™ before â€˜[01m[Kint[m[Kâ€™
  278 |     [01;31m[Kint[m[K num_points = 100
      |     [01;31m[K^~~[m[K
[01m[K/home/jajayu/TomatoHarvesting_NextBestView/nbv_code/ros2_ws2/src/my_robot_nbv_cmake/src/SdfModel.cpp:280:22:[m[K [01;31m[Kerror: [m[Kâ€˜[01m[Krd[m[Kâ€™ was not declared in this scope
  280 |     std::mt19937 gen([01;31m[Krd[m[K());
      |                      [01;31m[K^~[m[K
[01m[K/home/jajayu/TomatoHarvesting_NextBestView/nbv_code/ros2_ws2/src/my_robot_nbv_cmake/src/SdfModel.cpp:285:25:[m[K [01;31m[Kerror: [m[Kâ€˜[01m[Knum_points[m[Kâ€™ was not declared in this scope
  285 |     for (int i = 0; i < [01;31m[Knum_points[m[K; ++i) {
      |                         [01;31m[K^~~~~~~~~~[m[K
[01m[K/home/jajayu/TomatoHarvesting_NextBestView/nbv_code/ros2_ws2/src/my_robot_nbv_cmake/src/SdfModel.cpp:290:19:[m[K [01;31m[Kerror: [m[Kâ€˜[01m[Kcenter_[m[Kâ€™ was not declared in this scope
  290 |         float x = [01;31m[Kcenter_[m[K[0] + r * sin(theta)*cos(phi);
      |                   [01;31m[K^~~~~~~[m[K
[01m[K/home/jajayu/TomatoHarvesting_NextBestView/nbv_code/ros2_ws2/src/my_robot_nbv_cmake/src/SdfModel.cpp:302:19:[m[K [01;31m[Kerror: [m[Kâ€˜[01m[Kcenter_[m[Kâ€™ was not declared in this scope
  302 |         float x = [01;31m[Kcenter_[m[K[0] + 1 * sin(theta)*cos(phi);
      |                   [01;31m[K^~~~~~~[m[K
[01m[K/home/jajayu/TomatoHarvesting_NextBestView/nbv_code/ros2_ws2/src/my_robot_nbv_cmake/src/SdfModel.cpp:299:15:[m[K [01;35m[Kwarning: [m[Kunused variable â€˜[01m[Kr[m[Kâ€™ [[01;35m[K]8;;https://gcc.gnu.org/onlinedocs/gcc/Warning-Options.html#index-Wunused-variable-Wunused-variable]8;;[m[K]
  299 |         float [01;35m[Kr[m[K = dist_r(gen);
      |               [01;35m[K^[m[K
gmake[2]: *** [CMakeFiles/SdfModel.dir/build.make:76: CMakeFiles/SdfModel.dir/src/SdfModel.cpp.o] Error 1
gmake[1]: *** [CMakeFiles/Makefile2:165: CMakeFiles/SdfModel.dir/all] Error 2
gmake: *** [Makefile:146: all] Error 2
