[35m[1mConsolidate compiler generated dependencies of target SdfModel[0m
[ 50%] Built target nbvc_ray_generation
[ 75%] [32mBuilding CXX object CMakeFiles/SdfModel.dir/src/SdfModel.cpp.o[0m
[01m[K/home/jajayu/TomatoHarvesting_NextBestView/nbv_code/ros2_ws2/src/my_robot_nbv_cmake/src/SdfModel.cpp:[m[K In member function â€˜[01m[Kvoid SdfModel::LoadMesh()[m[Kâ€™:
[01m[K/home/jajayu/TomatoHarvesting_NextBestView/nbv_code/ros2_ws2/src/my_robot_nbv_cmake/src/SdfModel.cpp:52:15:[m[K [01;31m[Kerror: [m[Kexpected primary-expression before â€˜[01m[K.[m[Kâ€™ token
   52 |         open3d[01;31m[K.[m[Kvisualization.draw_geometries([pcd_, mesh0_]);
      |               [01;31m[K^[m[K
[01m[K/home/jajayu/TomatoHarvesting_NextBestView/nbv_code/ros2_ws2/src/my_robot_nbv_cmake/src/SdfModel.cpp:52:47:[m[K [01;31m[Kerror: [m[Kcapture of non-variable â€˜[01m[KSdfModel::pcd_[m[Kâ€™
   52 |         open3d.visualization.draw_geometries([[01;31m[Kpcd_[m[K, mesh0_]);
      |                                               [01;31m[K^~~~[m[K
[01m[K/home/jajayu/TomatoHarvesting_NextBestView/nbv_code/ros2_ws2/src/my_robot_nbv_cmake/src/SdfModel.cpp:164:51:[m[K [01;36m[Knote: [m[Kâ€˜[01m[Kstd::shared_ptr<open3d::geometry::PointCloud> SdfModel::pcd_[m[Kâ€™ declared here
  164 |     std::shared_ptr<open3d::geometry::PointCloud> [01;36m[Kpcd_[m[K;
      |                                                   [01;36m[K^~~~[m[K
[01m[K/home/jajayu/TomatoHarvesting_NextBestView/nbv_code/ros2_ws2/src/my_robot_nbv_cmake/src/SdfModel.cpp:52:53:[m[K [01;31m[Kerror: [m[Kcapture of non-variable â€˜[01m[KSdfModel::mesh0_[m[Kâ€™
   52 |         open3d.visualization.draw_geometries([pcd_, [01;31m[Kmesh0_[m[K]);
      |                                                     [01;31m[K^~~~~~[m[K
[01m[K/home/jajayu/TomatoHarvesting_NextBestView/nbv_code/ros2_ws2/src/my_robot_nbv_cmake/src/SdfModel.cpp:165:53:[m[K [01;36m[Knote: [m[Kâ€˜[01m[Kstd::shared_ptr<open3d::geometry::TriangleMesh> SdfModel::mesh0_[m[Kâ€™ declared here
  165 |     std::shared_ptr<open3d::geometry::TriangleMesh> [01;36m[Kmesh0_[m[K;
      |                                                     [01;36m[K^~~~~~[m[K
[01m[K/home/jajayu/TomatoHarvesting_NextBestView/nbv_code/ros2_ws2/src/my_robot_nbv_cmake/src/SdfModel.cpp:[m[K In lambda function:
[01m[K/home/jajayu/TomatoHarvesting_NextBestView/nbv_code/ros2_ws2/src/my_robot_nbv_cmake/src/SdfModel.cpp:52:60:[m[K [01;31m[Kerror: [m[Kexpected â€˜[01m[K{[m[Kâ€™ before â€˜[01m[K)[m[Kâ€™ token
   52 |         open3d.visualization.draw_geometries([pcd_, mesh0_][01;31m[K)[m[K;
      |                                                            [01;31m[K^[m[K
gmake[2]: *** [CMakeFiles/SdfModel.dir/build.make:76: CMakeFiles/SdfModel.dir/src/SdfModel.cpp.o] Error 1
gmake[1]: *** [CMakeFiles/Makefile2:165: CMakeFiles/SdfModel.dir/all] Error 2
gmake: *** [Makefile:146: all] Error 2
