[0.014s] Invoking command in '/home/jajayu/TomatoHarvesting_NextBestView/nbv_code/ros2_ws2/build/my_robot_nbv_cmake': CMAKE_PREFIX_PATH=${CMAKE_PREFIX_PATH}:/home/jajayu/TomatoHarvesting_NextBestView/nbv_code/ros2_ws2/install/my_robot_nbv:/home/jajayu/TomatoHarvesting_NextBestView/nbv_code/ros2_ws2/install/my_robot_cam:/home/jajayu/ros2_ws/install/webots_ros2_tests:/home/jajayu/ros2_ws/install/webots_ros2:/home/jajayu/ros2_ws/install/pcd_demo:/home/jajayu/ros2_ws/install/my_robot_controller:/home/jajayu/ros2_ws/install/my_robot_cam:/home/jajayu/ros2_ws/install/gazebo_tutorial:/opt/ros/humble /home/jajayu/.local/bin/cmake --build /home/jajayu/TomatoHarvesting_NextBestView/nbv_code/ros2_ws2/build/my_robot_nbv_cmake -- -j8 -l8
[0.151s] [35m[1mConsolidate compiler generated dependencies of target SdfModel[0m
[0.164s] [ 50%] Built target nbvc_ray_generation
[0.172s] [ 75%] [32mBuilding CXX object CMakeFiles/SdfModel.dir/src/SdfModel.cpp.o[0m
[6.635s] [01m[K/home/jajayu/TomatoHarvesting_NextBestView/nbv_code/ros2_ws2/src/my_robot_nbv_cmake/src/SdfModel.cpp:[m[K In member function â€˜[01m[Kvoid SdfModel::LoadMesh()[m[Kâ€™:
[6.635s] [01m[K/home/jajayu/TomatoHarvesting_NextBestView/nbv_code/ros2_ws2/src/my_robot_nbv_cmake/src/SdfModel.cpp:52:15:[m[K [01;31m[Kerror: [m[Kexpected primary-expression before â€˜[01m[K.[m[Kâ€™ token
[6.635s]    52 |         open3d[01;31m[K.[m[Kvisualization.draw_geometries([pcd_, mesh0_]);
[6.635s]       |               [01;31m[K^[m[K
[6.635s] [01m[K/home/jajayu/TomatoHarvesting_NextBestView/nbv_code/ros2_ws2/src/my_robot_nbv_cmake/src/SdfModel.cpp:52:47:[m[K [01;31m[Kerror: [m[Kcapture of non-variable â€˜[01m[KSdfModel::pcd_[m[Kâ€™
[6.635s]    52 |         open3d.visualization.draw_geometries([[01;31m[Kpcd_[m[K, mesh0_]);
[6.635s]       |                                               [01;31m[K^~~~[m[K
[6.635s] [01m[K/home/jajayu/TomatoHarvesting_NextBestView/nbv_code/ros2_ws2/src/my_robot_nbv_cmake/src/SdfModel.cpp:164:51:[m[K [01;36m[Knote: [m[Kâ€˜[01m[Kstd::shared_ptr<open3d::geometry::PointCloud> SdfModel::pcd_[m[Kâ€™ declared here
[6.635s]   164 |     std::shared_ptr<open3d::geometry::PointCloud> [01;36m[Kpcd_[m[K;
[6.635s]       |                                                   [01;36m[K^~~~[m[K
[6.635s] [01m[K/home/jajayu/TomatoHarvesting_NextBestView/nbv_code/ros2_ws2/src/my_robot_nbv_cmake/src/SdfModel.cpp:52:53:[m[K [01;31m[Kerror: [m[Kcapture of non-variable â€˜[01m[KSdfModel::mesh0_[m[Kâ€™
[6.635s]    52 |         open3d.visualization.draw_geometries([pcd_, [01;31m[Kmesh0_[m[K]);
[6.635s]       |                                                     [01;31m[K^~~~~~[m[K
[6.636s] [01m[K/home/jajayu/TomatoHarvesting_NextBestView/nbv_code/ros2_ws2/src/my_robot_nbv_cmake/src/SdfModel.cpp:165:53:[m[K [01;36m[Knote: [m[Kâ€˜[01m[Kstd::shared_ptr<open3d::geometry::TriangleMesh> SdfModel::mesh0_[m[Kâ€™ declared here
[6.636s]   165 |     std::shared_ptr<open3d::geometry::TriangleMesh> [01;36m[Kmesh0_[m[K;
[6.636s]       |                                                     [01;36m[K^~~~~~[m[K
[6.636s] [01m[K/home/jajayu/TomatoHarvesting_NextBestView/nbv_code/ros2_ws2/src/my_robot_nbv_cmake/src/SdfModel.cpp:[m[K In lambda function:
[6.636s] [01m[K/home/jajayu/TomatoHarvesting_NextBestView/nbv_code/ros2_ws2/src/my_robot_nbv_cmake/src/SdfModel.cpp:52:60:[m[K [01;31m[Kerror: [m[Kexpected â€˜[01m[K{[m[Kâ€™ before â€˜[01m[K)[m[Kâ€™ token
[6.636s]    52 |         open3d.visualization.draw_geometries([pcd_, mesh0_][01;31m[K)[m[K;
[6.636s]       |                                                            [01;31m[K^[m[K
[9.181s] gmake[2]: *** [CMakeFiles/SdfModel.dir/build.make:76: CMakeFiles/SdfModel.dir/src/SdfModel.cpp.o] Error 1
[9.181s] gmake[1]: *** [CMakeFiles/Makefile2:165: CMakeFiles/SdfModel.dir/all] Error 2
[9.181s] gmake: *** [Makefile:146: all] Error 2
[9.197s] Invoked command in '/home/jajayu/TomatoHarvesting_NextBestView/nbv_code/ros2_ws2/build/my_robot_nbv_cmake' returned '2': CMAKE_PREFIX_PATH=${CMAKE_PREFIX_PATH}:/home/jajayu/TomatoHarvesting_NextBestView/nbv_code/ros2_ws2/install/my_robot_nbv:/home/jajayu/TomatoHarvesting_NextBestView/nbv_code/ros2_ws2/install/my_robot_cam:/home/jajayu/ros2_ws/install/webots_ros2_tests:/home/jajayu/ros2_ws/install/webots_ros2:/home/jajayu/ros2_ws/install/pcd_demo:/home/jajayu/ros2_ws/install/my_robot_controller:/home/jajayu/ros2_ws/install/my_robot_cam:/home/jajayu/ros2_ws/install/gazebo_tutorial:/opt/ros/humble /home/jajayu/.local/bin/cmake --build /home/jajayu/TomatoHarvesting_NextBestView/nbv_code/ros2_ws2/build/my_robot_nbv_cmake -- -j8 -l8
