[35m[1mConsolidate compiler generated dependencies of target SdfModel[0m
[ 50%] Built target nbvc_ray_generation
[ 75%] [32mBuilding CXX object CMakeFiles/SdfModel.dir/src/SdfModel.cpp.o[0m
[01m[K/home/jajayu/TomatoHarvesting_NextBestView/nbv_code/ros2_ws2/src/my_robot_nbv_cmake/src/SdfModel.cpp:[m[K In member function â€˜[01m[Kvoid SdfModel::LoadMesh()[m[Kâ€™:
[01m[K/home/jajayu/TomatoHarvesting_NextBestView/nbv_code/ros2_ws2/src/my_robot_nbv_cmake/src/SdfModel.cpp:48:90:[m[K [01;31m[Kerror: [m[Kcannot convert â€˜[01m[Kstd::vector<float>[m[Kâ€™ to â€˜[01m[Kconst std::vector<double>&[m[Kâ€™
   48 |         mesh0_ = open3d::geometry::TriangleMesh::CreateFromPointCloudBallPivoting(*pcd_, [01;31m[Kradii[m[K);
      |                                                                                          [01;31m[K^~~~~[m[K
      |                                                                                          [01;31m[K|[m[K
      |                                                                                          [01;31m[Kstd::vector<float>[m[K
In file included from [01m[K/home/jajayu/open3d_install/include/open3d/Open3D.h:42[m[K,
                 from [01m[K/home/jajayu/TomatoHarvesting_NextBestView/nbv_code/ros2_ws2/src/my_robot_nbv_cmake/src/SdfModel.cpp:1[m[K:
[01m[K/home/jajayu/open3d_install/include/open3d/geometry/TriangleMesh.h:528:63:[m[K [01;36m[Knote: [m[K  initializing argument 2 of â€˜[01m[Kstatic std::shared_ptr<open3d::geometry::TriangleMesh> open3d::geometry::TriangleMesh::CreateFromPointCloudBallPivoting(const open3d::geometry::PointCloud&, const std::vector<double>&)[m[Kâ€™
  528 |             const PointCloud &pcd, [01;36m[Kconst std::vector<double> &radii[m[K);
      |                                    [01;36m[K~~~~~~~~~~~~~~~~~~~~~~~~~~~^~~~~[m[K
gmake[2]: *** [CMakeFiles/SdfModel.dir/build.make:76: CMakeFiles/SdfModel.dir/src/SdfModel.cpp.o] Error 1
gmake[1]: *** [CMakeFiles/Makefile2:165: CMakeFiles/SdfModel.dir/all] Error 2
gmake: *** [Makefile:146: all] Error 2
