[0.015s] Invoking command in '/home/jajayu/TomatoHarvesting_NextBestView/nbv_code/ros2_ws2/build/my_robot_nbv_cmake': CMAKE_PREFIX_PATH=${CMAKE_PREFIX_PATH}:/home/jajayu/TomatoHarvesting_NextBestView/nbv_code/ros2_ws2/install/my_robot_nbv:/home/jajayu/TomatoHarvesting_NextBestView/nbv_code/ros2_ws2/install/my_robot_cam:/home/jajayu/ros2_ws/install/webots_ros2_tests:/home/jajayu/ros2_ws/install/webots_ros2:/home/jajayu/ros2_ws/install/pcd_demo:/home/jajayu/ros2_ws/install/my_robot_controller:/home/jajayu/ros2_ws/install/my_robot_cam:/home/jajayu/ros2_ws/install/gazebo_tutorial:/opt/ros/humble /home/jajayu/.local/bin/cmake --build /home/jajayu/TomatoHarvesting_NextBestView/nbv_code/ros2_ws2/build/my_robot_nbv_cmake -- -j8 -l8
[0.159s] [35m[1mConsolidate compiler generated dependencies of target SdfModel[0m
[0.173s] [ 50%] Built target nbvc_ray_generation
[0.179s] [ 75%] [32mBuilding CXX object CMakeFiles/SdfModel.dir/src/SdfModel.cpp.o[0m
[6.269s] [01m[K/home/jajayu/TomatoHarvesting_NextBestView/nbv_code/ros2_ws2/src/my_robot_nbv_cmake/src/SdfModel.cpp:[m[K In member function â€˜[01m[Kvoid MeshProcessor::ComputeSDFandOccupancy()[m[Kâ€™:
[6.269s] [01m[K/home/jajayu/TomatoHarvesting_NextBestView/nbv_code/ros2_ws2/src/my_robot_nbv_cmake/src/SdfModel.cpp:69:56:[m[K [01;31m[Kerror: [m[Kâ€˜[01m[Kopen3d::t::geometry::Tensor[m[Kâ€™ has not been declared
[6.269s]    69 |             auto point_q_formed = open3d::t::geometry::[01;31m[KTensor[m[K::Init({{point_q.x(), point_q.y(), point_q.z()}}, {1, 3}, open3d::core::Float32);
[6.269s]       |                                                        [01;31m[K^~~~~~[m[K
[6.270s] [01m[K/home/jajayu/TomatoHarvesting_NextBestView/nbv_code/ros2_ws2/src/my_robot_nbv_cmake/src/SdfModel.cpp:73:38:[m[K [01;31m[Kerror: [m[Kexpected primary-expression before â€˜[01m[Kfloat[m[Kâ€™
[6.270s]    73 |             if (signed_distance.Item<[01;31m[Kfloat[m[K>() <= 0) {  // Inside the mesh
[6.270s]       |                                      [01;31m[K^~~~~[m[K
[6.270s] [01m[K/home/jajayu/TomatoHarvesting_NextBestView/nbv_code/ros2_ws2/src/my_robot_nbv_cmake/src/SdfModel.cpp:73:38:[m[K [01;31m[Kerror: [m[Kexpected â€˜[01m[K)[m[Kâ€™ before â€˜[01m[Kfloat[m[Kâ€™
[6.270s] [01m[K/home/jajayu/TomatoHarvesting_NextBestView/nbv_code/ros2_ws2/src/my_robot_nbv_cmake/src/SdfModel.cpp:73:16:[m[K [01;36m[Knote: [m[Kto match this â€˜[01m[K([m[Kâ€™
[6.270s]    73 |             if [01;36m[K([m[Ksigned_distance.Item<float>() <= 0) {  // Inside the mesh
[6.270s]       |                [01;36m[K^[m[K
[6.285s] [01m[K/home/jajayu/TomatoHarvesting_NextBestView/nbv_code/ros2_ws2/src/my_robot_nbv_cmake/src/SdfModel.cpp:[m[K In member function â€˜[01m[Kvoid MeshProcessor::Visualize()[m[Kâ€™:
[6.285s] [01m[K/home/jajayu/TomatoHarvesting_NextBestView/nbv_code/ros2_ws2/src/my_robot_nbv_cmake/src/SdfModel.cpp:83:53:[m[K [01;31m[Kerror: [m[Kâ€˜[01m[KVector3dVector[m[Kâ€™ is not a member of â€˜[01m[Kopen3d::utility[m[Kâ€™
[6.285s]    83 |         query_point_vis->points_ = open3d::utility::[01;31m[KVector3dVector[m[K(points_);
[6.285s]       |                                                     [01;31m[K^~~~~~~~~~~~~~[m[K
[6.287s] [01m[K/home/jajayu/TomatoHarvesting_NextBestView/nbv_code/ros2_ws2/src/my_robot_nbv_cmake/src/SdfModel.cpp:84:53:[m[K [01;31m[Kerror: [m[Kâ€˜[01m[KVector3dVector[m[Kâ€™ is not a member of â€˜[01m[Kopen3d::utility[m[Kâ€™
[6.287s]    84 |         query_point_vis->colors_ = open3d::utility::[01;31m[KVector3dVector[m[K(colors_);
[6.287s]       |                                                     [01;31m[K^~~~~~~~~~~~~~[m[K
[6.291s] [01m[K/home/jajayu/TomatoHarvesting_NextBestView/nbv_code/ros2_ws2/src/my_robot_nbv_cmake/src/SdfModel.cpp:[m[K In function â€˜[01m[Kint main(int, char**)[m[Kâ€™:
[6.291s] [01m[K/home/jajayu/TomatoHarvesting_NextBestView/nbv_code/ros2_ws2/src/my_robot_nbv_cmake/src/SdfModel.cpp:122:14:[m[K [01;35m[Kwarning: [m[Kunused parameter â€˜[01m[Kargc[m[Kâ€™ [[01;35m[K]8;;https://gcc.gnu.org/onlinedocs/gcc/Warning-Options.html#index-Wunused-parameter-Wunused-parameter]8;;[m[K]
[6.291s]   122 | int main([01;35m[Kint argc[m[K, char **argv)
[6.291s]       |          [01;35m[K~~~~^~~~[m[K
[6.291s] [01m[K/home/jajayu/TomatoHarvesting_NextBestView/nbv_code/ros2_ws2/src/my_robot_nbv_cmake/src/SdfModel.cpp:122:27:[m[K [01;35m[Kwarning: [m[Kunused parameter â€˜[01m[Kargv[m[Kâ€™ [[01;35m[K]8;;https://gcc.gnu.org/onlinedocs/gcc/Warning-Options.html#index-Wunused-parameter-Wunused-parameter]8;;[m[K]
[6.291s]   122 | int main(int argc, [01;35m[Kchar **argv[m[K)
[6.291s]       |                    [01;35m[K~~~~~~~^~~~[m[K
[8.658s] gmake[2]: *** [CMakeFiles/SdfModel.dir/build.make:76: CMakeFiles/SdfModel.dir/src/SdfModel.cpp.o] Error 1
[8.658s] gmake[1]: *** [CMakeFiles/Makefile2:165: CMakeFiles/SdfModel.dir/all] Error 2
[8.658s] gmake: *** [Makefile:146: all] Error 2
[8.674s] Invoked command in '/home/jajayu/TomatoHarvesting_NextBestView/nbv_code/ros2_ws2/build/my_robot_nbv_cmake' returned '2': CMAKE_PREFIX_PATH=${CMAKE_PREFIX_PATH}:/home/jajayu/TomatoHarvesting_NextBestView/nbv_code/ros2_ws2/install/my_robot_nbv:/home/jajayu/TomatoHarvesting_NextBestView/nbv_code/ros2_ws2/install/my_robot_cam:/home/jajayu/ros2_ws/install/webots_ros2_tests:/home/jajayu/ros2_ws/install/webots_ros2:/home/jajayu/ros2_ws/install/pcd_demo:/home/jajayu/ros2_ws/install/my_robot_controller:/home/jajayu/ros2_ws/install/my_robot_cam:/home/jajayu/ros2_ws/install/gazebo_tutorial:/opt/ros/humble /home/jajayu/.local/bin/cmake --build /home/jajayu/TomatoHarvesting_NextBestView/nbv_code/ros2_ws2/build/my_robot_nbv_cmake -- -j8 -l8
