[01m[K/home/jajayu/TomatoHarvesting_NextBestView/nbv_code/ros2_ws2/src/my_robot_nbv_cmake/src/nbvc_ray_generation.cpp:9:57:[m[K [01;35m[Kwarning: [m[Kmissing terminating " character
    9 |                         RCLCPP_INFO(this->get_logger(), [01;35m[K"[m[KHello from nbvc_ray_generation!!);
      |                                                         [01;35m[K^[m[K
[01m[K/home/jajayu/TomatoHarvesting_NextBestView/nbv_code/ros2_ws2/src/my_robot_nbv_cmake/src/nbvc_ray_generation.cpp:21:2:[m[K [01;31m[Kerror: [m[Kunterminated argument list invoking macro "RCLCPP_INFO"
   21 | }
      |  [01;31m[K^[m[K
[01m[K/home/jajayu/TomatoHarvesting_NextBestView/nbv_code/ros2_ws2/src/my_robot_nbv_cmake/src/nbvc_ray_generation.cpp:9:36:[m[K [01;31m[Kerror: [m[Kexpected â€˜[01m[K}[m[Kâ€™ at end of input
    9 |                         RCLCPP_INFO[01;31m[K([m[Kthis->get_logger(), "Hello from nbvc_ray_generation!!);
      |                                    [01;31m[K^[m[K
[01m[K/home/jajayu/TomatoHarvesting_NextBestView/nbv_code/ros2_ws2/src/my_robot_nbv_cmake/src/nbvc_ray_generation.cpp:5:1:[m[K [01;36m[Knote: [m[Kto match this â€˜[01m[K{[m[Kâ€™
    5 | [01;36m[K{[m[K
      | [01;36m[K^[m[K
[01m[K/home/jajayu/TomatoHarvesting_NextBestView/nbv_code/ros2_ws2/src/my_robot_nbv_cmake/src/nbvc_ray_generation.cpp:[m[K In constructor â€˜[01m[KMyNode::MyNode()[m[Kâ€™:
[01m[K/home/jajayu/TomatoHarvesting_NextBestView/nbv_code/ros2_ws2/src/my_robot_nbv_cmake/src/nbvc_ray_generation.cpp:9:25:[m[K [01;31m[Kerror: [m[Kâ€˜[01m[KRCLCPP_INFO[m[Kâ€™ was not declared in this scope
    9 |                         [01;31m[KRCLCPP_INFO[m[K(this->get_logger(), "Hello from nbvc_ray_generation!!);
      |                         [01;31m[K^~~~~~~~~~~[m[K
[01m[K/home/jajayu/TomatoHarvesting_NextBestView/nbv_code/ros2_ws2/src/my_robot_nbv_cmake/src/nbvc_ray_generation.cpp:9:36:[m[K [01;31m[Kerror: [m[Kexpected â€˜[01m[K}[m[Kâ€™ at end of input
    9 |                         RCLCPP_INFO[01;31m[K([m[Kthis->get_logger(), "Hello from nbvc_ray_generation!!);
      |                                    [01;31m[K^[m[K
[01m[K/home/jajayu/TomatoHarvesting_NextBestView/nbv_code/ros2_ws2/src/my_robot_nbv_cmake/src/nbvc_ray_generation.cpp:8:17:[m[K [01;36m[Knote: [m[Kto match this â€˜[01m[K{[m[Kâ€™
    8 |                 [01;36m[K{[m[K
      |                 [01;36m[K^[m[K
[01m[K/home/jajayu/TomatoHarvesting_NextBestView/nbv_code/ros2_ws2/src/my_robot_nbv_cmake/src/nbvc_ray_generation.cpp:[m[K At global scope:
[01m[K/home/jajayu/TomatoHarvesting_NextBestView/nbv_code/ros2_ws2/src/my_robot_nbv_cmake/src/nbvc_ray_generation.cpp:9:36:[m[K [01;31m[Kerror: [m[Kexpected unqualified-id at end of input
    9 |                         RCLCPP_INFO[01;31m[K([m[Kthis->get_logger(), "Hello from nbvc_ray_generation!!);
      |                                    [01;31m[K^[m[K
gmake[2]: *** [CMakeFiles/nbvc_ray_generation.dir/build.make:76: CMakeFiles/nbvc_ray_generation.dir/src/nbvc_ray_generation.cpp.o] Error 1
gmake[1]: *** [CMakeFiles/Makefile2:137: CMakeFiles/nbvc_ray_generation.dir/all] Error 2
gmake: *** [Makefile:146: all] Error 2
