[0.006s] Invoking command in '/home/jajayu/TomatoHarvesting_NextBestView/nbv_code/ros2_ws2/build/my_robot_nbv_cmake': CMAKE_PREFIX_PATH=${CMAKE_PREFIX_PATH}:/home/jajayu/TomatoHarvesting_NextBestView/nbv_code/ros2_ws2/install/my_robot_nbv:/home/jajayu/TomatoHarvesting_NextBestView/nbv_code/ros2_ws2/install/my_robot_cam:/home/jajayu/ros2_ws/install/webots_ros2_tests:/home/jajayu/ros2_ws/install/webots_ros2:/home/jajayu/ros2_ws/install/pcd_demo:/home/jajayu/ros2_ws/install/my_robot_controller:/home/jajayu/ros2_ws/install/my_robot_cam:/home/jajayu/ros2_ws/install/gazebo_tutorial:/opt/ros/humble /home/jajayu/.local/bin/cmake --build /home/jajayu/TomatoHarvesting_NextBestView/nbv_code/ros2_ws2/build/my_robot_nbv_cmake -- -j8 -l8
[0.151s] [35m[1mConsolidate compiler generated dependencies of target SdfModel[0m
[0.164s] [ 50%] Built target nbvc_ray_generation
[0.170s] [ 75%] [32mBuilding CXX object CMakeFiles/SdfModel.dir/src/SdfModel.cpp.o[0m
[6.106s] [01m[K/home/jajayu/TomatoHarvesting_NextBestView/nbv_code/ros2_ws2/src/my_robot_nbv_cmake/src/SdfModel.cpp:[m[K In member function â€˜[01m[Kbool SdfModel::ComputeSDF(std::vector<Eigen::Matrix<float, 3, 1> >)[m[Kâ€™:
[6.106s] [01m[K/home/jajayu/TomatoHarvesting_NextBestView/nbv_code/ros2_ws2/src/my_robot_nbv_cmake/src/SdfModel.cpp:139:52:[m[K [01;31m[Kerror: [m[Kâ€˜[01m[Kclass std::vector<Eigen::Matrix<float, 3, 1> >[m[Kâ€™ has no member named â€˜[01m[Kx[m[Kâ€™
[6.106s]   139 |         std::vector<float> point_values = {point_q.[01;31m[Kx[m[K(), point_q.y(), point_q.z()};
[6.106s]       |                                                    [01;31m[K^[m[K
[6.106s] [01m[K/home/jajayu/TomatoHarvesting_NextBestView/nbv_code/ros2_ws2/src/my_robot_nbv_cmake/src/SdfModel.cpp:139:65:[m[K [01;31m[Kerror: [m[Kâ€˜[01m[Kclass std::vector<Eigen::Matrix<float, 3, 1> >[m[Kâ€™ has no member named â€˜[01m[Ky[m[Kâ€™
[6.106s]   139 |         std::vector<float> point_values = {point_q.x(), point_q.[01;31m[Ky[m[K(), point_q.z()};
[6.106s]       |                                                                 [01;31m[K^[m[K
[6.106s] [01m[K/home/jajayu/TomatoHarvesting_NextBestView/nbv_code/ros2_ws2/src/my_robot_nbv_cmake/src/SdfModel.cpp:139:78:[m[K [01;31m[Kerror: [m[Kâ€˜[01m[Kclass std::vector<Eigen::Matrix<float, 3, 1> >[m[Kâ€™ has no member named â€˜[01m[Kz[m[Kâ€™
[6.106s]   139 |         std::vector<float> point_values = {point_q.x(), point_q.y(), point_q.[01;31m[Kz[m[K()};
[6.107s]       |                                                                              [01;31m[K^[m[K
[6.107s] [01m[K/home/jajayu/TomatoHarvesting_NextBestView/nbv_code/ros2_ws2/src/my_robot_nbv_cmake/src/SdfModel.cpp:139:81:[m[K [01;31m[Kerror: [m[Kcould not convert â€˜[01m[K{<expression error>, <expression error>, <expression error>}[m[Kâ€™ from â€˜[01m[K<brace-enclosed initializer list>[m[Kâ€™ to â€˜[01m[Kstd::vector<float>[m[Kâ€™
[6.107s]   139 |         std::vector<float> point_values = {point_q.x(), point_q.y(), point_q.z()[01;31m[K}[m[K;
[6.107s]       |                                                                                 [01;31m[K^[m[K
[6.107s]       |                                                                                 [01;31m[K|[m[K
[6.107s]       |                                                                                 [01;31m[K<brace-enclosed initializer list>[m[K
[6.107s] [01m[K/home/jajayu/TomatoHarvesting_NextBestView/nbv_code/ros2_ws2/src/my_robot_nbv_cmake/src/SdfModel.cpp:145:30:[m[K [01;31m[Kerror: [m[Kâ€˜[01m[Kclass std::vector<Eigen::Matrix<float, 3, 1> >[m[Kâ€™ has no member named â€˜[01m[Kcast[m[Kâ€™; did you mean â€˜[01m[Kat[m[Kâ€™?
[6.107s]   145 |             AddPoint(point_q.[01;31m[Kcast[m[K<double>(), Eigen::Vector3d(1.0, 0.0, 0.0));  // Red
[6.107s]       |                              [01;31m[K^~~~[m[K
[6.107s]       |                              [32m[Kat[m[K
[6.107s] [01m[K/home/jajayu/TomatoHarvesting_NextBestView/nbv_code/ros2_ws2/src/my_robot_nbv_cmake/src/SdfModel.cpp:145:35:[m[K [01;31m[Kerror: [m[Kexpected primary-expression before â€˜[01m[Kdouble[m[Kâ€™
[6.107s]   145 |             AddPoint(point_q.cast<[01;31m[Kdouble[m[K>(), Eigen::Vector3d(1.0, 0.0, 0.0));  // Red
[6.107s]       |                                   [01;31m[K^~~~~~[m[K
[6.107s] [01m[K/home/jajayu/TomatoHarvesting_NextBestView/nbv_code/ros2_ws2/src/my_robot_nbv_cmake/src/SdfModel.cpp:148:30:[m[K [01;31m[Kerror: [m[Kâ€˜[01m[Kclass std::vector<Eigen::Matrix<float, 3, 1> >[m[Kâ€™ has no member named â€˜[01m[Kcast[m[Kâ€™; did you mean â€˜[01m[Kat[m[Kâ€™?
[6.107s]   148 |             AddPoint(point_q.[01;31m[Kcast[m[K<double>(), Eigen::Vector3d(0.0, 0.0, 1.0));  // Blue
[6.107s]       |                              [01;31m[K^~~~[m[K
[6.107s]       |                              [32m[Kat[m[K
[6.108s] [01m[K/home/jajayu/TomatoHarvesting_NextBestView/nbv_code/ros2_ws2/src/my_robot_nbv_cmake/src/SdfModel.cpp:148:35:[m[K [01;31m[Kerror: [m[Kexpected primary-expression before â€˜[01m[Kdouble[m[Kâ€™
[6.108s]   148 |             AddPoint(point_q.cast<[01;31m[Kdouble[m[K>(), Eigen::Vector3d(0.0, 0.0, 1.0));  // Blue
[6.108s]       |                                   [01;31m[K^~~~~~[m[K
[6.109s] [01m[K/home/jajayu/TomatoHarvesting_NextBestView/nbv_code/ros2_ws2/src/my_robot_nbv_cmake/src/SdfModel.cpp:[m[K In function â€˜[01m[Kint main(int, char**)[m[Kâ€™:
[6.109s] [01m[K/home/jajayu/TomatoHarvesting_NextBestView/nbv_code/ros2_ws2/src/my_robot_nbv_cmake/src/SdfModel.cpp:245:66:[m[K [01;31m[Kerror: [m[Kcould not convert â€˜[01m[K{3.0027100000000001e-1, -9.0062600000000004e-1, 4.7217799999999999e-1}[m[Kâ€™ from â€˜[01m[K<brace-enclosed initializer list>[m[Kâ€™ to â€˜[01m[Kstd::vector<Eigen::Matrix<float, 3, 1> >[m[Kâ€™
[6.110s]   245 |     std::vector<Eigen::Vector3f> p={0.300271, -0.900626, 0.472178[01;31m[K}[m[K;
[6.110s]       |                                                                  [01;31m[K^[m[K
[6.110s]       |                                                                  [01;31m[K|[m[K
[6.110s]       |                                                                  [01;31m[K<brace-enclosed initializer list>[m[K
[6.110s] [01m[K/home/jajayu/TomatoHarvesting_NextBestView/nbv_code/ros2_ws2/src/my_robot_nbv_cmake/src/SdfModel.cpp:246:45:[m[K [01;31m[Kerror: [m[Kexpected primary-expression before â€˜[01m[Kp[m[Kâ€™
[6.110s]   246 |     ComputeSDF(std::vector<Eigen::Vector3f> [01;31m[Kp[m[K);
[6.110s]       |                                             [01;31m[K^[m[K
[6.125s] [01m[K/home/jajayu/TomatoHarvesting_NextBestView/nbv_code/ros2_ws2/src/my_robot_nbv_cmake/src/SdfModel.cpp:246:5:[m[K [01;31m[Kerror: [m[Kâ€˜[01m[KComputeSDF[m[Kâ€™ was not declared in this scope
[6.125s]   246 |     [01;31m[KComputeSDF[m[K(std::vector<Eigen::Vector3f> p);
[6.125s]       |     [01;31m[K^~~~~~~~~~[m[K
[8.603s] gmake[2]: *** [CMakeFiles/SdfModel.dir/build.make:76: CMakeFiles/SdfModel.dir/src/SdfModel.cpp.o] Error 1
[8.604s] gmake[1]: *** [CMakeFiles/Makefile2:165: CMakeFiles/SdfModel.dir/all] Error 2
[8.604s] gmake: *** [Makefile:146: all] Error 2
[8.620s] Invoked command in '/home/jajayu/TomatoHarvesting_NextBestView/nbv_code/ros2_ws2/build/my_robot_nbv_cmake' returned '2': CMAKE_PREFIX_PATH=${CMAKE_PREFIX_PATH}:/home/jajayu/TomatoHarvesting_NextBestView/nbv_code/ros2_ws2/install/my_robot_nbv:/home/jajayu/TomatoHarvesting_NextBestView/nbv_code/ros2_ws2/install/my_robot_cam:/home/jajayu/ros2_ws/install/webots_ros2_tests:/home/jajayu/ros2_ws/install/webots_ros2:/home/jajayu/ros2_ws/install/pcd_demo:/home/jajayu/ros2_ws/install/my_robot_controller:/home/jajayu/ros2_ws/install/my_robot_cam:/home/jajayu/ros2_ws/install/gazebo_tutorial:/opt/ros/humble /home/jajayu/.local/bin/cmake --build /home/jajayu/TomatoHarvesting_NextBestView/nbv_code/ros2_ws2/build/my_robot_nbv_cmake -- -j8 -l8
