[35m[1mConsolidate compiler generated dependencies of target SdfModel[0m
[ 50%] Built target nbvc_ray_generation
[ 75%] [32mBuilding CXX object CMakeFiles/SdfModel.dir/src/SdfModel.cpp.o[0m
[01m[K/home/jajayu/TomatoHarvesting_NextBestView/nbv_code/ros2_ws2/src/my_robot_nbv_cmake/src/SdfModel.cpp:[m[K In member function â€˜[01m[Kvoid MeshProcessor::Visualize()[m[Kâ€™:
[01m[K/home/jajayu/TomatoHarvesting_NextBestView/nbv_code/ros2_ws2/src/my_robot_nbv_cmake/src/SdfModel.cpp:130:36:[m[K [01;31m[Kerror: [m[Kâ€˜[01m[Kpoints_tensor[m[Kâ€™ was not declared in this scope
  130 |         query_point_vis->points_ = [01;31m[Kpoints_tensor[m[K; // Using core::Tensor directly
      |                                    [01;31m[K^~~~~~~~~~~~~[m[K
[01m[K/home/jajayu/TomatoHarvesting_NextBestView/nbv_code/ros2_ws2/src/my_robot_nbv_cmake/src/SdfModel.cpp:131:36:[m[K [01;31m[Kerror: [m[Kâ€˜[01m[Kcolors_tensor[m[Kâ€™ was not declared in this scope
  131 |         query_point_vis->colors_ = [01;31m[Kcolors_tensor[m[K; // Using core::Tensor directly
      |                                    [01;31m[K^~~~~~~~~~~~~[m[K
gmake[2]: *** [CMakeFiles/SdfModel.dir/build.make:76: CMakeFiles/SdfModel.dir/src/SdfModel.cpp.o] Error 1
gmake[1]: *** [CMakeFiles/Makefile2:165: CMakeFiles/SdfModel.dir/all] Error 2
gmake: *** [Makefile:146: all] Error 2
