[01m[K/home/jajayu/TomatoHarvesting_NextBestView/nbv_code/ros2_ws2/src/my_robot_nbv_cmake/src/SdfModel.cpp:[m[K In member function â€˜[01m[Kvoid SdfModel::GenerateSamplePoints()[m[Kâ€™:
[01m[K/home/jajayu/TomatoHarvesting_NextBestView/nbv_code/ros2_ws2/src/my_robot_nbv_cmake/src/SdfModel.cpp:98:25:[m[K [01;31m[Kerror: [m[Kâ€˜[01m[Karccos[m[Kâ€™ was not declared in this scope; did you mean â€˜[01m[Kacos[m[Kâ€™?
   98 |             float theta=[01;31m[Karccos[m[K(dist_theta(gen));
      |                         [01;31m[K^~~~~~[m[K
      |                         [32m[Kacos[m[K
gmake[2]: *** [CMakeFiles/SdfModel.dir/build.make:76: CMakeFiles/SdfModel.dir/src/SdfModel.cpp.o] Error 1
gmake[1]: *** [CMakeFiles/Makefile2:165: CMakeFiles/SdfModel.dir/all] Error 2
gmake: *** [Makefile:146: all] Error 2
