[0.013s] Invoking command in '/home/jajayu/TomatoHarvesting_NextBestView/nbv_code/ros2_ws2/build/my_robot_nbv_cmake': CMAKE_PREFIX_PATH=${CMAKE_PREFIX_PATH}:/home/jajayu/TomatoHarvesting_NextBestView/nbv_code/ros2_ws2/install/my_robot_nbv:/home/jajayu/TomatoHarvesting_NextBestView/nbv_code/ros2_ws2/install/my_robot_cam:/home/jajayu/ros2_ws/install/webots_ros2_tests:/home/jajayu/ros2_ws/install/webots_ros2:/home/jajayu/ros2_ws/install/pcd_demo:/home/jajayu/ros2_ws/install/my_robot_controller:/home/jajayu/ros2_ws/install/my_robot_cam:/home/jajayu/ros2_ws/install/gazebo_tutorial:/opt/ros/humble /home/jajayu/.local/bin/cmake --build /home/jajayu/TomatoHarvesting_NextBestView/nbv_code/ros2_ws2/build/my_robot_nbv_cmake -- -j8 -l8
[0.163s] [ 33%] Built target nbvc_lib_SdfModel
[0.163s] [ 66%] Built target SdfModelV3
[0.189s] [ 83%] [32mBuilding CXX object CMakeFiles/nbvc_ray_generation.dir/src/nbvc_ray_generation.cpp.o[0m
[7.680s] [01m[K/home/jajayu/TomatoHarvesting_NextBestView/nbv_code/ros2_ws2/src/my_robot_nbv_cmake/src/nbvc_ray_generation.cpp:71:48:[m[K [01;31m[Kerror: [m[Kâ€˜[01m[KPointCloud2[m[Kâ€™ is not a member of â€˜[01m[Ksensor_msgs::msg[m[Kâ€™
[7.680s]    71 |         rclcpp::Subscription<sensor_msgs::msg::[01;31m[KPointCloud2[m[K>::SharedPtr pcd_subscription_;
[7.680s]       |                                                [01;31m[K^~~~~~~~~~~[m[K
[7.680s] [01m[K/home/jajayu/TomatoHarvesting_NextBestView/nbv_code/ros2_ws2/src/my_robot_nbv_cmake/src/nbvc_ray_generation.cpp:71:59:[m[K [01;31m[Kerror: [m[Ktemplate argument 1 is invalid
[7.680s]    71 |         rclcpp::Subscription<sensor_msgs::msg::PointCloud2[01;31m[K>[m[K::SharedPtr pcd_subscription_;
[7.680s]       |                                                           [01;31m[K^[m[K
[7.680s] [01m[K/home/jajayu/TomatoHarvesting_NextBestView/nbv_code/ros2_ws2/src/my_robot_nbv_cmake/src/nbvc_ray_generation.cpp:71:59:[m[K [01;31m[Kerror: [m[Ktemplate argument 3 is invalid
[7.681s] [01m[K/home/jajayu/TomatoHarvesting_NextBestView/nbv_code/ros2_ws2/src/my_robot_nbv_cmake/src/nbvc_ray_generation.cpp:71:59:[m[K [01;31m[Kerror: [m[Ktemplate argument 4 is invalid
[7.681s] [01m[K/home/jajayu/TomatoHarvesting_NextBestView/nbv_code/ros2_ws2/src/my_robot_nbv_cmake/src/nbvc_ray_generation.cpp:71:59:[m[K [01;31m[Kerror: [m[Ktemplate argument 5 is invalid
[7.681s] [01m[K/home/jajayu/TomatoHarvesting_NextBestView/nbv_code/ros2_ws2/src/my_robot_nbv_cmake/src/nbvc_ray_generation.cpp:71:62:[m[K [01;31m[Kerror: [m[Kexpected â€˜[01m[K;[m[Kâ€™ at end of member declaration
[7.681s]    71 |        rclcpp::Subscription<sensor_msgs::msg::PointCloud2>::[01;31m[KSharedPtr[m[K pcd_subscription_;
[7.681s]       |                                                             [01;31m[K^~~~~~~~~[m[K
[7.681s]       |                                                                      [32m[K;[m[K
[7.696s] [01m[K/home/jajayu/TomatoHarvesting_NextBestView/nbv_code/ros2_ws2/src/my_robot_nbv_cmake/src/nbvc_ray_generation.cpp:71:72:[m[K [01;31m[Kerror: [m[Kâ€˜[01m[Kpcd_subscription_[m[Kâ€™ does not name a type; did you mean â€˜[01m[Krcl_subscription_t[m[Kâ€™?
[7.696s]    71 | cpp::Subscription<sensor_msgs::msg::PointCloud2>::SharedPtr [01;31m[Kpcd_subscription_[m[K;
[7.696s]       |                                                             [01;31m[K^~~~~~~~~~~~~~~~~[m[K
[7.696s]       |                                                             [32m[Krcl_subscription_t[m[K
[7.696s] [01m[K/home/jajayu/TomatoHarvesting_NextBestView/nbv_code/ros2_ws2/src/my_robot_nbv_cmake/src/nbvc_ray_generation.cpp:74:58:[m[K [01;31m[Kerror: [m[Kâ€˜[01m[KPointCloud2[m[Kâ€™ in namespace â€˜[01m[Ksensor_msgs::msg[m[Kâ€™ does not name a type
[7.696s]    74 |         void pointcloud_callback(const sensor_msgs::msg::[01;31m[KPointCloud2[m[K::SharedPtr msg) {
[7.697s]       |                                                          [01;31m[K^~~~~~~~~~~[m[K
[7.697s] [01m[K/home/jajayu/TomatoHarvesting_NextBestView/nbv_code/ros2_ws2/src/my_robot_nbv_cmake/src/nbvc_ray_generation.cpp:74:81:[m[K [01;31m[Kerror: [m[Kexpected unqualified-id before â€˜[01m[Kmsg[m[Kâ€™
[7.697s]    74 | intcloud_callback(const sensor_msgs::msg::PointCloud2::SharedPtr [01;31m[Kmsg[m[K) {
[7.697s]       |                                                                  [01;31m[K^~~[m[K
[7.697s] 
[7.697s] [01m[K/home/jajayu/TomatoHarvesting_NextBestView/nbv_code/ros2_ws2/src/my_robot_nbv_cmake/src/nbvc_ray_generation.cpp:74:80:[m[K [01;31m[Kerror: [m[Kexpected â€˜[01m[K)[m[Kâ€™ before â€˜[01m[Kmsg[m[Kâ€™
[7.697s]    74 | intcloud_callback[34m[K([m[Kconst sensor_msgs::msg::PointCloud2::SharedPtr[01;31m[K [m[K[32m[Kmsg[m[K) {
[7.697s]       |                  [34m[K~[m[K                                              [01;31m[K^[m[K[32m[K~~~[m[K
[7.697s]       |                                                                 [32m[K)[m[K
[7.697s] [01m[K/home/jajayu/TomatoHarvesting_NextBestView/nbv_code/ros2_ws2/src/my_robot_nbv_cmake/src/nbvc_ray_generation.cpp:74:71:[m[K [01;31m[Kerror: [m[Kexpected â€˜[01m[K;[m[Kâ€™ at end of member declaration
[7.697s]    74 | id pointcloud_callback(const sensor_msgs::msg::PointCloud2::[01;31m[KSharedPtr[m[K msg) {
[7.697s]       |                                                             [01;31m[K^~~~~~~~~[m[K
[7.697s]       |                                                                      [32m[K;[m[K
[7.704s] [01m[K/home/jajayu/TomatoHarvesting_NextBestView/nbv_code/ros2_ws2/src/my_robot_nbv_cmake/src/nbvc_ray_generation.cpp:74:81:[m[K [01;31m[Kerror: [m[Kâ€˜[01m[Kmsg[m[Kâ€™ does not name a type
[7.704s]    74 | intcloud_callback(const sensor_msgs::msg::PointCloud2::SharedPtr [01;31m[Kmsg[m[K) {
[7.704s]       |                                                                  [01;31m[K^~~[m[K
[7.704s] 
[7.744s] [01m[K/home/jajayu/TomatoHarvesting_NextBestView/nbv_code/ros2_ws2/src/my_robot_nbv_cmake/src/nbvc_ray_generation.cpp:[m[K In constructor â€˜[01m[KMyNode::MyNode()[m[Kâ€™:
[7.744s] [01m[K/home/jajayu/TomatoHarvesting_NextBestView/nbv_code/ros2_ws2/src/my_robot_nbv_cmake/src/nbvc_ray_generation.cpp:50:13:[m[K [01;31m[Kerror: [m[Kâ€˜[01m[Kpcd_subscription_[m[Kâ€™ was not declared in this scope; did you mean â€˜[01m[Krcl_subscription_t[m[Kâ€™?
[7.744s]    50 |             [01;31m[Kpcd_subscription_[m[K = this->create_subscription<sensor_msgs::msg::PointCloud2>(
[7.744s]       |             [01;31m[K^~~~~~~~~~~~~~~~~[m[K
[7.744s]       |             [32m[Krcl_subscription_t[m[K
[7.746s] [01m[K/home/jajayu/TomatoHarvesting_NextBestView/nbv_code/ros2_ws2/src/my_robot_nbv_cmake/src/nbvc_ray_generation.cpp:50:77:[m[K [01;31m[Kerror: [m[Kâ€˜[01m[KPointCloud2[m[Kâ€™ is not a member of â€˜[01m[Ksensor_msgs::msg[m[Kâ€™
[7.746s]    50 | subscription_ = this->create_subscription<sensor_msgs::msg::[01;31m[KPointCloud2[m[K>(
[7.746s]       |                                                             [01;31m[K^~~~~~~~~~~[m[K
[7.746s] 
[7.749s] [01m[K/home/jajayu/TomatoHarvesting_NextBestView/nbv_code/ros2_ws2/src/my_robot_nbv_cmake/src/nbvc_ray_generation.cpp:50:89:[m[K [01;31m[Kerror: [m[Kno matching function for call to â€˜[01m[KMyNode::create_subscription<<expression error> >(const char [15], int, std::_Bind_helper<false, void (MyNode::*)(...), MyNode*, const std::_Placeholder<1>&>::type)[m[Kâ€™
[7.749s]    50 | bscription_ = [01;31m[Kthis->create_subscription<sensor_msgs::msg::PointCloud2>([m[K
[7.749s]       |               [01;31m[K~~~~~~~~~~~~~~~~~~~~~~~~~~~~~~~~~~~~~~~~~~~~~~~~~~~~~~~~^[m[K
[7.749s] 
[7.749s]    51 | [01;31m[Kcamera/points", 10, std::bind(&MyNode::pointcloud_callback, this, std::placeholders::_1))[m[K;
[7.749s]       | [01;31m[K~~~~~~~~~~~~~~~~~~~~~~~~~~~~~~~~~~~~~~~~~~~~~~~~~~~~~~~~~~~~~~~~~~~~~~~~~~~~~~~~~~~~~~~~~[m[K
[7.749s] 
[7.749s] In file included from [01m[K/opt/ros/humble/include/rclcpp/rclcpp/node.hpp:1321[m[K,
[7.749s]                  from [01m[K/opt/ros/humble/include/rclcpp/rclcpp/executors/single_threaded_executor.hpp:28[m[K,
[7.749s]                  from [01m[K/opt/ros/humble/include/rclcpp/rclcpp/executors.hpp:22[m[K,
[7.749s]                  from [01m[K/opt/ros/humble/include/rclcpp/rclcpp/rclcpp.hpp:155[m[K,
[7.750s]                  from [01m[K/home/jajayu/TomatoHarvesting_NextBestView/nbv_code/ros2_ws2/src/my_robot_nbv_cmake/src/nbvc_ray_generation.cpp:4[m[K:
[7.750s] [01m[K/opt/ros/humble/include/rclcpp/rclcpp/node_impl.hpp:92:1:[m[K [01;36m[Knote: [m[Kcandidate: â€˜[01m[Ktemplate<class MessageT, class CallbackT, class AllocatorT, class SubscriptionT, class MessageMemoryStrategyT> std::shared_ptr<ROSMessageT> rclcpp::Node::create_subscription(const string&, const rclcpp::QoS&, CallbackT&&, const rclcpp::SubscriptionOptionsWithAllocator<AllocatorT>&, typename MessageMemoryStrategyT::SharedPtr)[m[Kâ€™
[7.750s]    92 | [01;36m[KNode[m[K::create_subscription(
[7.750s]       | [01;36m[K^~~~[m[K
[7.750s] [01m[K/opt/ros/humble/include/rclcpp/rclcpp/node_impl.hpp:92:1:[m[K [01;36m[Knote: [m[K  template argument deduction/substitution failed:
[7.750s] [01m[K/home/jajayu/TomatoHarvesting_NextBestView/nbv_code/ros2_ws2/src/my_robot_nbv_cmake/src/nbvc_ray_generation.cpp:50:89:[m[K [01;31m[Kerror: [m[Ktemplate argument 1 is invalid
[7.750s]    50 | bscription_ = [01;31m[Kthis->create_subscription<sensor_msgs::msg::PointCloud2>([m[K
[7.750s]       |               [01;31m[K~~~~~~~~~~~~~~~~~~~~~~~~~~~~~~~~~~~~~~~~~~~~~~~~~~~~~~~~^[m[K
[7.750s] 
[7.750s]    51 | [01;31m[Kcamera/points", 10, std::bind(&MyNode::pointcloud_callback, this, std::placeholders::_1))[m[K;
[7.750s]       | [01;31m[K~~~~~~~~~~~~~~~~~~~~~~~~~~~~~~~~~~~~~~~~~~~~~~~~~~~~~~~~~~~~~~~~~~~~~~~~~~~~~~~~~~~~~~~~~[m[K
[7.750s] 
[13.333s] gmake[2]: *** [CMakeFiles/nbvc_ray_generation.dir/build.make:76: CMakeFiles/nbvc_ray_generation.dir/src/nbvc_ray_generation.cpp.o] Error 1
[13.333s] gmake[1]: *** [CMakeFiles/Makefile2:141: CMakeFiles/nbvc_ray_generation.dir/all] Error 2
[13.333s] gmake: *** [Makefile:146: all] Error 2
[13.348s] Invoked command in '/home/jajayu/TomatoHarvesting_NextBestView/nbv_code/ros2_ws2/build/my_robot_nbv_cmake' returned '2': CMAKE_PREFIX_PATH=${CMAKE_PREFIX_PATH}:/home/jajayu/TomatoHarvesting_NextBestView/nbv_code/ros2_ws2/install/my_robot_nbv:/home/jajayu/TomatoHarvesting_NextBestView/nbv_code/ros2_ws2/install/my_robot_cam:/home/jajayu/ros2_ws/install/webots_ros2_tests:/home/jajayu/ros2_ws/install/webots_ros2:/home/jajayu/ros2_ws/install/pcd_demo:/home/jajayu/ros2_ws/install/my_robot_controller:/home/jajayu/ros2_ws/install/my_robot_cam:/home/jajayu/ros2_ws/install/gazebo_tutorial:/opt/ros/humble /home/jajayu/.local/bin/cmake --build /home/jajayu/TomatoHarvesting_NextBestView/nbv_code/ros2_ws2/build/my_robot_nbv_cmake -- -j8 -l8
