[ 20%] Built target SdfModelV3
[ 30%] [32mBuilding CXX object CMakeFiles/nbvc_lib_SdfModel.dir/src/SdfModel.cpp.o[0m
[01m[K/home/jajayu/TomatoHarvesting_NextBestView/nbv_code/ros2_ws2/src/my_robot_nbv_cmake/src/SdfModel.cpp:[m[K In constructor â€˜[01m[KSdfModel::SdfModel(std::shared_ptr<open3d::geometry::PointCloud>, float, int, int)[m[Kâ€™:
[01m[K/home/jajayu/TomatoHarvesting_NextBestView/nbv_code/ros2_ws2/src/my_robot_nbv_cmake/src/SdfModel.cpp:51:60:[m[K [01;31m[Kerror: [m[Kclass â€˜[01m[KSdfModel[m[Kâ€™ does not have any field named â€˜[01m[KINPUT_MODE[m[Kâ€™
   51 | s), num_points_(num_points), [01;31m[KINPUT_MODE[m[K(INPUT_MODE) {
      |                              [01;31m[K^~~~~~~~~~[m[K

[01m[K/home/jajayu/TomatoHarvesting_NextBestView/nbv_code/ros2_ws2/src/my_robot_nbv_cmake/src/SdfModel.cpp:[m[K In member function â€˜[01m[Kvoid SdfModel::ComputeSDF(std::vector<Eigen::Matrix<float, 3, 1> >)[m[Kâ€™:
[01m[K/home/jajayu/TomatoHarvesting_NextBestView/nbv_code/ros2_ws2/src/my_robot_nbv_cmake/src/SdfModel.cpp:188:12:[m[K [01;31m[Kerror: [m[Kâ€˜[01m[KINPUT_MODE[m[Kâ€™ was not declared in this scope
  188 |         if([01;31m[KINPUT_MODE[m[K==1){
      |            [01;31m[K^~~~~~~~~~[m[K
gmake[2]: *** [CMakeFiles/nbvc_lib_SdfModel.dir/build.make:76: CMakeFiles/nbvc_lib_SdfModel.dir/src/SdfModel.cpp.o] Error 1
gmake[1]: *** [CMakeFiles/Makefile2:249: CMakeFiles/nbvc_lib_SdfModel.dir/all] Error 2
gmake: *** [Makefile:146: all] Error 2
