[ 25%] Built target SdfModelV3
[ 50%] Built target nbvc_lib_SdfModel
[ 75%] Built target nbvc_ray_generationV3_beforeclean
[ 87%] [32mBuilding CXX object CMakeFiles/nbvc_ray_generation.dir/src/nbvc_ray_generation.cpp.o[0m
[100%] [32m[1mLinking CXX executable nbvc_ray_generation[0m
/usr/bin/ld: cannot find -ltf2: No such file or directory
/usr/bin/ld: cannot find -ltf2_ros: No such file or directory
collect2: error: ld returned 1 exit status
gmake[2]: *** [CMakeFiles/nbvc_ray_generation.dir/build.make:225: nbvc_ray_generation] Error 1
gmake[1]: *** [CMakeFiles/Makefile2:143: CMakeFiles/nbvc_ray_generation.dir/all] Error 2
gmake: *** [Makefile:146: all] Error 2
