[35m[1mConsolidate compiler generated dependencies of target SdfModel[0m
[ 50%] Built target nbvc_ray_generation
[ 75%] [32mBuilding CXX object CMakeFiles/SdfModel.dir/src/SdfModel.cpp.o[0m
[01m[K/home/jajayu/TomatoHarvesting_NextBestView/nbv_code/ros2_ws2/src/my_robot_nbv_cmake/src/SdfModel.cpp:[m[K In member function â€˜[01m[Kvoid MeshProcessor::ComputeSDFandOccupancy()[m[Kâ€™:
[01m[K/home/jajayu/TomatoHarvesting_NextBestView/nbv_code/ros2_ws2/src/my_robot_nbv_cmake/src/SdfModel.cpp:98:43:[m[K [01;31m[Kerror: [m[Kâ€˜[01m[Kopen3d::Core[m[Kâ€™ has not been declared
   98 |             auto point_q_formed = open3d::[01;31m[KCore[m[K::Tensor([point_q.x(), point_q.y(), point_q.z()], {1, 3}, open3d::core::Float32);
      |                                           [01;31m[K^~~~[m[K
[01m[K/home/jajayu/TomatoHarvesting_NextBestView/nbv_code/ros2_ws2/src/my_robot_nbv_cmake/src/SdfModel.cpp:98:64:[m[K [01;31m[Kerror: [m[Kexpected â€˜[01m[K,[m[Kâ€™ before â€˜[01m[K.[m[Kâ€™ token
   98 |             auto point_q_formed = open3d::Core::Tensor([point_q[01;31m[K.[m[Kx(), point_q.y(), point_q.z()], {1, 3}, open3d::core::Float32);
      |                                                                [01;31m[K^[m[K
[01m[K/home/jajayu/TomatoHarvesting_NextBestView/nbv_code/ros2_ws2/src/my_robot_nbv_cmake/src/SdfModel.cpp:98:64:[m[K [01;31m[Kerror: [m[Kexpected identifier before â€˜[01m[K.[m[Kâ€™ token
[01m[K/home/jajayu/TomatoHarvesting_NextBestView/nbv_code/ros2_ws2/src/my_robot_nbv_cmake/src/SdfModel.cpp:98:68:[m[K [01;31m[Kerror: [m[Kexpected â€˜[01m[K][m[Kâ€™ before â€˜[01m[K,[m[Kâ€™ token
   98 |             auto point_q_formed = open3d::Core::Tensor([point_q.x()[01;31m[K,[m[K point_q.y(), point_q.z()], {1, 3}, open3d::core::Float32);
      |                                                                    [01;31m[K^[m[K
[01m[K/home/jajayu/TomatoHarvesting_NextBestView/nbv_code/ros2_ws2/src/my_robot_nbv_cmake/src/SdfModel.cpp:[m[K In lambda function:
[01m[K/home/jajayu/TomatoHarvesting_NextBestView/nbv_code/ros2_ws2/src/my_robot_nbv_cmake/src/SdfModel.cpp:98:68:[m[K [01;31m[Kerror: [m[Kexpected â€˜[01m[K{[m[Kâ€™ before â€˜[01m[K,[m[Kâ€™ token
[01m[K/home/jajayu/TomatoHarvesting_NextBestView/nbv_code/ros2_ws2/src/my_robot_nbv_cmake/src/SdfModel.cpp:[m[K In member function â€˜[01m[Kvoid MeshProcessor::ComputeSDFandOccupancy()[m[Kâ€™:
[01m[K/home/jajayu/TomatoHarvesting_NextBestView/nbv_code/ros2_ws2/src/my_robot_nbv_cmake/src/SdfModel.cpp:98:94:[m[K [01;31m[Kerror: [m[Kexpected â€˜[01m[K)[m[Kâ€™ before â€˜[01m[K][m[Kâ€™ token
   98 |             auto point_q_formed = open3d::Core::Tensor([point_q.x(), point_q.y(), point_q.z()[01;31m[K][m[K, {1, 3}, open3d::core::Float32);
      |                                                                                              [01;31m[K^[m[K
[01m[K/home/jajayu/TomatoHarvesting_NextBestView/nbv_code/ros2_ws2/src/my_robot_nbv_cmake/src/SdfModel.cpp:98:55:[m[K [01;36m[Knote: [m[Kto match this â€˜[01m[K([m[Kâ€™
   98 |             auto point_q_formed = open3d::Core::Tensor[01;36m[K([m[K[point_q.x(), point_q.y(), point_q.z()], {1, 3}, open3d::core::Float32);
      |                                                       [01;36m[K^[m[K
[01m[K/home/jajayu/TomatoHarvesting_NextBestView/nbv_code/ros2_ws2/src/my_robot_nbv_cmake/src/SdfModel.cpp:98:126:[m[K [01;31m[Kerror: [m[Kqualified-id in declaration before â€˜[01m[K)[m[Kâ€™ token
   98 |             auto point_q_formed = open3d::Core::Tensor([point_q.x(), point_q.y(), point_q.z()], {1, 3}, open3d::core::Float32[01;31m[K)[m[K;
      |                                                                                                                              [01;31m[K^[m[K
gmake[2]: *** [CMakeFiles/SdfModel.dir/build.make:76: CMakeFiles/SdfModel.dir/src/SdfModel.cpp.o] Error 1
gmake[1]: *** [CMakeFiles/Makefile2:165: CMakeFiles/SdfModel.dir/all] Error 2
gmake: *** [Makefile:146: all] Error 2
