[01m[K/home/jajayu/TomatoHarvesting_NextBestView/nbv_code/ros2_ws2/src/my_robot_nbv_cmake/src/SdfModel.cpp:[m[K In member function â€˜[01m[Kvoid MeshProcessor::LoadMesh()[m[Kâ€™:
[01m[K/home/jajayu/TomatoHarvesting_NextBestView/nbv_code/ros2_ws2/src/my_robot_nbv_cmake/src/SdfModel.cpp:43:69:[m[K [01;31m[Kerror: [m[Kâ€˜[01m[Kmesh0[m[Kâ€™ was not declared in this scope; did you mean â€˜[01m[Kmesh0_[m[Kâ€™?
   43 |         mesh_ = std::make_shared<open3d::t::geometry::TriangleMesh>([01;31m[Kmesh0[m[K);
      |                                                                     [01;31m[K^~~~~[m[K
      |                                                                     [32m[Kmesh0_[m[K
gmake[2]: *** [CMakeFiles/SdfModel.dir/build.make:76: CMakeFiles/SdfModel.dir/src/SdfModel.cpp.o] Error 1
gmake[1]: *** [CMakeFiles/Makefile2:165: CMakeFiles/SdfModel.dir/all] Error 2
gmake: *** [Makefile:146: all] Error 2
